{"/Users/ismailyagci/Desktop/personal/optical-center-main/src/index.ts": {"path":"/Users/ismailyagci/Desktop/personal/optical-center-main/src/index.ts","all":true,"statementMap":{"11":{"start":{"line":12,"column":0},"end":{"line":12,"column":33}},"12":{"start":{"line":13,"column":0},"end":{"line":13,"column":32}}},"s":{"11":0,"12":0},"branchMap":{"0":{"type":"branch","line":1,"loc":{"start":{"line":1,"column":484},"end":{"line":13,"column":32}},"locations":[{"start":{"line":1,"column":484},"end":{"line":13,"column":32}}]}},"b":{"0":[1]},"fnMap":{"0":{"name":"(empty-report)","decl":{"start":{"line":1,"column":484},"end":{"line":13,"column":32}},"loc":{"start":{"line":1,"column":484},"end":{"line":13,"column":32}},"line":1}},"f":{"0":1}}
,"/Users/ismailyagci/Desktop/personal/optical-center-main/src/babel/attributes.ts": {"path":"/Users/ismailyagci/Desktop/personal/optical-center-main/src/babel/attributes.ts","all":false,"statementMap":{"18":{"start":{"line":19,"column":0},"end":{"line":19,"column":44}},"19":{"start":{"line":20,"column":0},"end":{"line":20,"column":28}},"20":{"start":{"line":21,"column":0},"end":{"line":21,"column":32}},"21":{"start":{"line":22,"column":0},"end":{"line":22,"column":32}},"22":{"start":{"line":23,"column":0},"end":{"line":23,"column":26}},"23":{"start":{"line":24,"column":0},"end":{"line":24,"column":26}},"24":{"start":{"line":25,"column":0},"end":{"line":25,"column":26}},"25":{"start":{"line":26,"column":0},"end":{"line":26,"column":28}},"26":{"start":{"line":27,"column":0},"end":{"line":27,"column":26}},"27":{"start":{"line":28,"column":0},"end":{"line":28,"column":22}},"28":{"start":{"line":29,"column":0},"end":{"line":29,"column":22}},"29":{"start":{"line":30,"column":0},"end":{"line":30,"column":24}},"30":{"start":{"line":31,"column":0},"end":{"line":31,"column":2}},"32":{"start":{"line":33,"column":0},"end":{"line":33,"column":41}},"33":{"start":{"line":34,"column":0},"end":{"line":34,"column":17}},"34":{"start":{"line":35,"column":0},"end":{"line":35,"column":18}},"35":{"start":{"line":36,"column":0},"end":{"line":36,"column":18}},"36":{"start":{"line":37,"column":0},"end":{"line":37,"column":16}},"37":{"start":{"line":38,"column":0},"end":{"line":38,"column":18}},"38":{"start":{"line":39,"column":0},"end":{"line":39,"column":16}},"39":{"start":{"line":40,"column":0},"end":{"line":40,"column":13}},"40":{"start":{"line":41,"column":0},"end":{"line":41,"column":18}},"41":{"start":{"line":42,"column":0},"end":{"line":42,"column":22}},"42":{"start":{"line":43,"column":0},"end":{"line":43,"column":21}},"43":{"start":{"line":44,"column":0},"end":{"line":44,"column":20}},"44":{"start":{"line":45,"column":0},"end":{"line":45,"column":13}},"45":{"start":{"line":46,"column":0},"end":{"line":46,"column":30}},"46":{"start":{"line":47,"column":0},"end":{"line":47,"column":14}},"47":{"start":{"line":48,"column":0},"end":{"line":48,"column":16}},"48":{"start":{"line":49,"column":0},"end":{"line":49,"column":13}},"49":{"start":{"line":50,"column":0},"end":{"line":50,"column":22}},"50":{"start":{"line":51,"column":0},"end":{"line":51,"column":18}},"51":{"start":{"line":52,"column":0},"end":{"line":52,"column":17}},"52":{"start":{"line":53,"column":0},"end":{"line":53,"column":21}},"53":{"start":{"line":54,"column":0},"end":{"line":54,"column":14}},"54":{"start":{"line":55,"column":0},"end":{"line":55,"column":15}},"55":{"start":{"line":56,"column":0},"end":{"line":56,"column":13}},"56":{"start":{"line":57,"column":0},"end":{"line":57,"column":17}},"57":{"start":{"line":58,"column":0},"end":{"line":58,"column":22}},"58":{"start":{"line":59,"column":0},"end":{"line":59,"column":17}},"59":{"start":{"line":60,"column":0},"end":{"line":60,"column":16}},"60":{"start":{"line":61,"column":0},"end":{"line":61,"column":16}},"61":{"start":{"line":62,"column":0},"end":{"line":62,"column":21}},"62":{"start":{"line":63,"column":0},"end":{"line":63,"column":14}},"63":{"start":{"line":64,"column":0},"end":{"line":64,"column":15}},"64":{"start":{"line":65,"column":0},"end":{"line":65,"column":15}},"65":{"start":{"line":66,"column":0},"end":{"line":66,"column":24}},"66":{"start":{"line":67,"column":0},"end":{"line":67,"column":21}},"67":{"start":{"line":68,"column":0},"end":{"line":68,"column":17}},"68":{"start":{"line":69,"column":0},"end":{"line":69,"column":14}},"69":{"start":{"line":70,"column":0},"end":{"line":70,"column":14}},"70":{"start":{"line":71,"column":0},"end":{"line":71,"column":14}},"71":{"start":{"line":72,"column":0},"end":{"line":72,"column":18}},"72":{"start":{"line":73,"column":0},"end":{"line":73,"column":24}},"73":{"start":{"line":74,"column":0},"end":{"line":74,"column":19}},"74":{"start":{"line":75,"column":0},"end":{"line":75,"column":9}},"75":{"start":{"line":76,"column":0},"end":{"line":76,"column":9}},"76":{"start":{"line":77,"column":0},"end":{"line":77,"column":16}},"77":{"start":{"line":78,"column":0},"end":{"line":78,"column":14}},"78":{"start":{"line":79,"column":0},"end":{"line":79,"column":23}},"79":{"start":{"line":80,"column":0},"end":{"line":80,"column":21}},"80":{"start":{"line":81,"column":0},"end":{"line":81,"column":21}},"81":{"start":{"line":82,"column":0},"end":{"line":82,"column":21}},"82":{"start":{"line":83,"column":0},"end":{"line":83,"column":17}},"83":{"start":{"line":84,"column":0},"end":{"line":84,"column":16}},"84":{"start":{"line":85,"column":0},"end":{"line":85,"column":17}},"85":{"start":{"line":86,"column":0},"end":{"line":86,"column":16}},"86":{"start":{"line":87,"column":0},"end":{"line":87,"column":17}},"87":{"start":{"line":88,"column":0},"end":{"line":88,"column":19}},"88":{"start":{"line":89,"column":0},"end":{"line":89,"column":16}},"89":{"start":{"line":90,"column":0},"end":{"line":90,"column":12}},"90":{"start":{"line":91,"column":0},"end":{"line":91,"column":12}},"91":{"start":{"line":92,"column":0},"end":{"line":92,"column":15}},"92":{"start":{"line":93,"column":0},"end":{"line":93,"column":12}},"93":{"start":{"line":94,"column":0},"end":{"line":94,"column":15}},"94":{"start":{"line":95,"column":0},"end":{"line":95,"column":21}},"95":{"start":{"line":96,"column":0},"end":{"line":96,"column":21}},"96":{"start":{"line":97,"column":0},"end":{"line":97,"column":15}},"97":{"start":{"line":98,"column":0},"end":{"line":98,"column":3}},"100":{"start":{"line":101,"column":0},"end":{"line":101,"column":59}},"101":{"start":{"line":102,"column":0},"end":{"line":102,"column":33}},"102":{"start":{"line":103,"column":0},"end":{"line":103,"column":34}},"103":{"start":{"line":104,"column":0},"end":{"line":104,"column":51}},"104":{"start":{"line":105,"column":0},"end":{"line":105,"column":67}},"105":{"start":{"line":106,"column":0},"end":{"line":106,"column":1}}},"s":{"18":1,"19":1,"20":1,"21":1,"22":1,"23":1,"24":1,"25":1,"26":1,"27":1,"28":1,"29":1,"30":1,"32":1,"33":1,"34":1,"35":1,"36":1,"37":1,"38":1,"39":1,"40":1,"41":1,"42":1,"43":1,"44":1,"45":1,"46":1,"47":1,"48":1,"49":1,"50":1,"51":1,"52":1,"53":1,"54":1,"55":1,"56":1,"57":1,"58":1,"59":1,"60":1,"61":1,"62":1,"63":1,"64":1,"65":1,"66":1,"67":1,"68":1,"69":1,"70":1,"71":1,"72":1,"73":1,"74":1,"75":1,"76":1,"77":1,"78":1,"79":1,"80":1,"81":1,"82":1,"83":1,"84":1,"85":1,"86":1,"87":1,"88":1,"89":1,"90":1,"91":1,"92":1,"93":1,"94":1,"95":1,"96":1,"97":1,"100":1,"101":34,"102":34,"103":34,"104":16,"105":16},"branchMap":{"0":{"type":"branch","line":101,"loc":{"start":{"line":101,"column":7},"end":{"line":106,"column":1}},"locations":[{"start":{"line":101,"column":7},"end":{"line":106,"column":1}}]},"1":{"type":"branch","line":103,"loc":{"start":{"line":103,"column":24},"end":{"line":103,"column":34}},"locations":[{"start":{"line":103,"column":24},"end":{"line":103,"column":34}}]},"2":{"type":"branch","line":103,"loc":{"start":{"line":103,"column":31},"end":{"line":104,"column":43}},"locations":[{"start":{"line":103,"column":31},"end":{"line":104,"column":43}}]},"3":{"type":"branch","line":104,"loc":{"start":{"line":104,"column":36},"end":{"line":106,"column":1}},"locations":[{"start":{"line":104,"column":36},"end":{"line":106,"column":1}}]},"4":{"type":"branch","line":104,"loc":{"start":{"line":104,"column":36},"end":{"line":104,"column":51}},"locations":[{"start":{"line":104,"column":36},"end":{"line":104,"column":51}}]},"5":{"type":"branch","line":104,"loc":{"start":{"line":104,"column":43},"end":{"line":106,"column":1}},"locations":[{"start":{"line":104,"column":43},"end":{"line":106,"column":1}}]}},"b":{"0":[34],"1":[3],"2":[31],"3":[21],"4":[15],"5":[16]},"fnMap":{"0":{"name":"jsxAttrNameToSvg","decl":{"start":{"line":101,"column":7},"end":{"line":106,"column":1}},"loc":{"start":{"line":101,"column":7},"end":{"line":106,"column":1}},"line":101}},"f":{"0":34}}
,"/Users/ismailyagci/Desktop/personal/optical-center-main/src/babel/index.ts": {"path":"/Users/ismailyagci/Desktop/personal/optical-center-main/src/babel/index.ts","all":false,"statementMap":{"21":{"start":{"line":22,"column":0},"end":{"line":22,"column":55}},"24":{"start":{"line":25,"column":0},"end":{"line":25,"column":53}},"25":{"start":{"line":26,"column":0},"end":{"line":26,"column":47}},"71":{"start":{"line":72,"column":0},"end":{"line":72,"column":49}},"72":{"start":{"line":73,"column":0},"end":{"line":73,"column":16}},"73":{"start":{"line":74,"column":0},"end":{"line":74,"column":35}},"74":{"start":{"line":75,"column":0},"end":{"line":75,"column":14}},"75":{"start":{"line":76,"column":0},"end":{"line":76,"column":53}},"76":{"start":{"line":77,"column":0},"end":{"line":77,"column":56}},"77":{"start":{"line":78,"column":0},"end":{"line":78,"column":65}},"78":{"start":{"line":79,"column":0},"end":{"line":79,"column":23}},"79":{"start":{"line":80,"column":0},"end":{"line":80,"column":30}},"80":{"start":{"line":81,"column":0},"end":{"line":81,"column":17}},"81":{"start":{"line":82,"column":0},"end":{"line":82,"column":51}},"82":{"start":{"line":83,"column":0},"end":{"line":83,"column":79}},"83":{"start":{"line":84,"column":0},"end":{"line":84,"column":45}},"84":{"start":{"line":85,"column":0},"end":{"line":85,"column":15}},"85":{"start":{"line":86,"column":0},"end":{"line":86,"column":46}},"86":{"start":{"line":87,"column":0},"end":{"line":87,"column":79}},"87":{"start":{"line":88,"column":0},"end":{"line":88,"column":8}},"89":{"start":{"line":90,"column":0},"end":{"line":90,"column":10}},"90":{"start":{"line":91,"column":0},"end":{"line":91,"column":27}},"91":{"start":{"line":92,"column":0},"end":{"line":92,"column":14}},"92":{"start":{"line":93,"column":0},"end":{"line":93,"column":24}},"93":{"start":{"line":94,"column":0},"end":{"line":94,"column":32}},"94":{"start":{"line":95,"column":0},"end":{"line":95,"column":23}},"95":{"start":{"line":96,"column":0},"end":{"line":96,"column":24}},"96":{"start":{"line":97,"column":0},"end":{"line":97,"column":46}},"97":{"start":{"line":98,"column":0},"end":{"line":98,"column":38}},"98":{"start":{"line":99,"column":0},"end":{"line":99,"column":10}},"99":{"start":{"line":100,"column":0},"end":{"line":100,"column":46}},"100":{"start":{"line":101,"column":0},"end":{"line":101,"column":8}},"101":{"start":{"line":102,"column":0},"end":{"line":102,"column":6}},"102":{"start":{"line":103,"column":0},"end":{"line":103,"column":4}},"103":{"start":{"line":104,"column":0},"end":{"line":104,"column":1}},"105":{"start":{"line":106,"column":0},"end":{"line":106,"column":89}},"107":{"start":{"line":108,"column":0},"end":{"line":108,"column":15}},"108":{"start":{"line":109,"column":0},"end":{"line":109,"column":90}},"109":{"start":{"line":110,"column":0},"end":{"line":110,"column":4}},"110":{"start":{"line":111,"column":0},"end":{"line":111,"column":1}}},"s":{"21":1,"24":1,"25":1,"71":22,"72":22,"73":22,"74":22,"75":22,"76":22,"77":22,"78":22,"79":22,"80":4,"81":18,"82":22,"83":22,"84":0,"85":22,"86":22,"87":22,"89":22,"90":22,"91":22,"92":22,"93":36,"94":36,"95":36,"96":36,"97":36,"98":36,"99":36,"100":36,"101":22,"102":22,"103":22,"105":0,"107":0,"108":0,"109":0,"110":0},"branchMap":{"0":{"type":"branch","line":72,"loc":{"start":{"line":72,"column":0},"end":{"line":104,"column":1}},"locations":[{"start":{"line":72,"column":0},"end":{"line":104,"column":1}}]},"1":{"type":"branch","line":78,"loc":{"start":{"line":78,"column":32},"end":{"line":78,"column":65}},"locations":[{"start":{"line":78,"column":32},"end":{"line":78,"column":65}}]},"2":{"type":"branch","line":80,"loc":{"start":{"line":80,"column":26},"end":{"line":81,"column":17}},"locations":[{"start":{"line":80,"column":26},"end":{"line":81,"column":17}}]},"3":{"type":"branch","line":81,"loc":{"start":{"line":81,"column":8},"end":{"line":82,"column":51}},"locations":[{"start":{"line":81,"column":8},"end":{"line":82,"column":51}}]},"4":{"type":"branch","line":82,"loc":{"start":{"line":82,"column":16},"end":{"line":82,"column":51}},"locations":[{"start":{"line":82,"column":16},"end":{"line":82,"column":51}}]},"5":{"type":"branch","line":83,"loc":{"start":{"line":83,"column":20},"end":{"line":83,"column":53}},"locations":[{"start":{"line":83,"column":20},"end":{"line":83,"column":53}}]},"6":{"type":"branch","line":83,"loc":{"start":{"line":83,"column":37},"end":{"line":83,"column":69}},"locations":[{"start":{"line":83,"column":37},"end":{"line":83,"column":69}}]},"7":{"type":"branch","line":83,"loc":{"start":{"line":83,"column":53},"end":{"line":83,"column":79}},"locations":[{"start":{"line":83,"column":53},"end":{"line":83,"column":79}}]},"8":{"type":"branch","line":84,"loc":{"start":{"line":84,"column":41},"end":{"line":85,"column":15}},"locations":[{"start":{"line":84,"column":41},"end":{"line":85,"column":15}}]},"9":{"type":"branch","line":87,"loc":{"start":{"line":87,"column":29},"end":{"line":87,"column":69}},"locations":[{"start":{"line":87,"column":29},"end":{"line":87,"column":69}}]},"10":{"type":"branch","line":93,"loc":{"start":{"line":93,"column":6},"end":{"line":101,"column":8}},"locations":[{"start":{"line":93,"column":6},"end":{"line":101,"column":8}}]},"11":{"type":"branch","line":97,"loc":{"start":{"line":97,"column":14},"end":{"line":97,"column":42}},"locations":[{"start":{"line":97,"column":14},"end":{"line":97,"column":42}}]},"12":{"type":"branch","line":97,"loc":{"start":{"line":97,"column":38},"end":{"line":97,"column":46}},"locations":[{"start":{"line":97,"column":38},"end":{"line":97,"column":46}}]},"13":{"type":"branch","line":98,"loc":{"start":{"line":98,"column":30},"end":{"line":98,"column":38}},"locations":[{"start":{"line":98,"column":30},"end":{"line":98,"column":38}}]}},"b":{"0":[22],"1":[20],"2":[4],"3":[18],"4":[0],"5":[18],"6":[18],"7":[4],"8":[0],"9":[0],"10":[36],"11":[31],"12":[5],"13":[0]},"fnMap":{"0":{"name":"opticalCenterBabelPlugin","decl":{"start":{"line":72,"column":0},"end":{"line":104,"column":1}},"loc":{"start":{"line":72,"column":0},"end":{"line":104,"column":1}},"line":72},"1":{"name":"JSXElement","decl":{"start":{"line":93,"column":6},"end":{"line":101,"column":8}},"loc":{"start":{"line":93,"column":6},"end":{"line":101,"column":8}},"line":93},"2":{"name":"defaultWarningHandler","decl":{"start":{"line":106,"column":0},"end":{"line":111,"column":1}},"loc":{"start":{"line":106,"column":0},"end":{"line":111,"column":1}},"line":106}},"f":{"0":22,"1":36,"2":0}}
,"/Users/ismailyagci/Desktop/personal/optical-center-main/src/babel/jsx-runtime-augment.ts": {"path":"/Users/ismailyagci/Desktop/personal/optical-center-main/src/babel/jsx-runtime-augment.ts","all":true,"statementMap":{},"s":{},"branchMap":{"0":{"type":"branch","line":1,"loc":{"start":{"line":1,"column":1381},"end":{"line":44,"column":10}},"locations":[{"start":{"line":1,"column":1381},"end":{"line":44,"column":10}}]}},"b":{"0":[1]},"fnMap":{"0":{"name":"(empty-report)","decl":{"start":{"line":1,"column":1381},"end":{"line":44,"column":10}},"loc":{"start":{"line":1,"column":1381},"end":{"line":44,"column":10}},"line":1}},"f":{"0":1}}
,"/Users/ismailyagci/Desktop/personal/optical-center-main/src/babel/jsx-to-svg.ts": {"path":"/Users/ismailyagci/Desktop/personal/optical-center-main/src/babel/jsx-to-svg.ts","all":false,"statementMap":{"15":{"start":{"line":16,"column":0},"end":{"line":16,"column":34}},"17":{"start":{"line":18,"column":0},"end":{"line":18,"column":51}},"19":{"start":{"line":20,"column":0},"end":{"line":20,"column":67}},"20":{"start":{"line":21,"column":0},"end":{"line":21,"column":52}},"21":{"start":{"line":22,"column":0},"end":{"line":22,"column":46}},"22":{"start":{"line":23,"column":0},"end":{"line":23,"column":28}},"23":{"start":{"line":24,"column":0},"end":{"line":24,"column":44}},"25":{"start":{"line":26,"column":0},"end":{"line":26,"column":82}},"26":{"start":{"line":27,"column":0},"end":{"line":27,"column":88}},"28":{"start":{"line":29,"column":0},"end":{"line":29,"column":58}},"30":{"start":{"line":31,"column":0},"end":{"line":31,"column":32}},"31":{"start":{"line":32,"column":0},"end":{"line":32,"column":24}},"32":{"start":{"line":33,"column":0},"end":{"line":33,"column":43}},"33":{"start":{"line":34,"column":0},"end":{"line":34,"column":14}},"35":{"start":{"line":36,"column":0},"end":{"line":36,"column":42}},"36":{"start":{"line":37,"column":0},"end":{"line":37,"column":1}},"38":{"start":{"line":39,"column":0},"end":{"line":39,"column":65}},"39":{"start":{"line":40,"column":0},"end":{"line":40,"column":48}},"40":{"start":{"line":41,"column":0},"end":{"line":41,"column":36}},"41":{"start":{"line":42,"column":0},"end":{"line":42,"column":54}},"42":{"start":{"line":43,"column":0},"end":{"line":43,"column":3}},"43":{"start":{"line":44,"column":0},"end":{"line":44,"column":84}},"44":{"start":{"line":45,"column":0},"end":{"line":45,"column":1}},"46":{"start":{"line":47,"column":0},"end":{"line":47,"column":28}},"47":{"start":{"line":48,"column":0},"end":{"line":48,"column":50}},"48":{"start":{"line":49,"column":0},"end":{"line":49,"column":18}},"49":{"start":{"line":50,"column":0},"end":{"line":50,"column":37}},"50":{"start":{"line":51,"column":0},"end":{"line":51,"column":74}},"51":{"start":{"line":52,"column":0},"end":{"line":52,"column":3}},"53":{"start":{"line":54,"column":0},"end":{"line":54,"column":42}},"54":{"start":{"line":55,"column":0},"end":{"line":55,"column":47}},"56":{"start":{"line":57,"column":0},"end":{"line":57,"column":50}},"57":{"start":{"line":58,"column":0},"end":{"line":58,"column":13}},"58":{"start":{"line":59,"column":0},"end":{"line":59,"column":32}},"60":{"start":{"line":61,"column":0},"end":{"line":61,"column":28}},"63":{"start":{"line":64,"column":0},"end":{"line":64,"column":27}},"64":{"start":{"line":65,"column":0},"end":{"line":65,"column":3}},"66":{"start":{"line":67,"column":0},"end":{"line":67,"column":38}},"67":{"start":{"line":68,"column":0},"end":{"line":68,"column":58}},"68":{"start":{"line":69,"column":0},"end":{"line":69,"column":3}},"70":{"start":{"line":71,"column":0},"end":{"line":71,"column":47}},"71":{"start":{"line":72,"column":0},"end":{"line":72,"column":39}},"72":{"start":{"line":73,"column":0},"end":{"line":73,"column":34}},"73":{"start":{"line":74,"column":0},"end":{"line":74,"column":54}},"74":{"start":{"line":75,"column":0},"end":{"line":75,"column":5}},"75":{"start":{"line":76,"column":0},"end":{"line":76,"column":35}},"76":{"start":{"line":77,"column":0},"end":{"line":77,"column":42}},"77":{"start":{"line":78,"column":0},"end":{"line":78,"column":5}},"78":{"start":{"line":79,"column":0},"end":{"line":79,"column":35}},"79":{"start":{"line":80,"column":0},"end":{"line":80,"column":49}},"80":{"start":{"line":81,"column":0},"end":{"line":81,"column":5}},"81":{"start":{"line":82,"column":0},"end":{"line":82,"column":69}},"82":{"start":{"line":83,"column":0},"end":{"line":83,"column":3}},"84":{"start":{"line":85,"column":0},"end":{"line":85,"column":72}},"85":{"start":{"line":86,"column":0},"end":{"line":86,"column":1}},"87":{"start":{"line":88,"column":0},"end":{"line":88,"column":22}},"88":{"start":{"line":89,"column":0},"end":{"line":89,"column":31}},"89":{"start":{"line":90,"column":0},"end":{"line":90,"column":11}},"90":{"start":{"line":91,"column":0},"end":{"line":91,"column":48}},"91":{"start":{"line":92,"column":0},"end":{"line":92,"column":52}},"92":{"start":{"line":93,"column":0},"end":{"line":93,"column":1}},"94":{"start":{"line":95,"column":0},"end":{"line":95,"column":81}},"95":{"start":{"line":96,"column":0},"end":{"line":96,"column":65}},"96":{"start":{"line":97,"column":0},"end":{"line":97,"column":27}},"97":{"start":{"line":98,"column":0},"end":{"line":98,"column":47}},"98":{"start":{"line":99,"column":0},"end":{"line":99,"column":35}},"99":{"start":{"line":100,"column":0},"end":{"line":100,"column":3}},"100":{"start":{"line":101,"column":0},"end":{"line":101,"column":42}},"101":{"start":{"line":102,"column":0},"end":{"line":102,"column":84}},"102":{"start":{"line":103,"column":0},"end":{"line":103,"column":3}},"103":{"start":{"line":104,"column":0},"end":{"line":104,"column":31}},"104":{"start":{"line":105,"column":0},"end":{"line":105,"column":77}},"105":{"start":{"line":106,"column":0},"end":{"line":106,"column":3}},"106":{"start":{"line":107,"column":0},"end":{"line":107,"column":34}},"107":{"start":{"line":108,"column":0},"end":{"line":108,"column":70}},"108":{"start":{"line":109,"column":0},"end":{"line":109,"column":3}},"109":{"start":{"line":110,"column":0},"end":{"line":110,"column":14}},"110":{"start":{"line":111,"column":0},"end":{"line":111,"column":1}},"112":{"start":{"line":113,"column":0},"end":{"line":113,"column":44}},"113":{"start":{"line":114,"column":0},"end":{"line":114,"column":14}},"114":{"start":{"line":115,"column":0},"end":{"line":115,"column":27}},"115":{"start":{"line":116,"column":0},"end":{"line":116,"column":28}},"116":{"start":{"line":117,"column":0},"end":{"line":117,"column":26}},"117":{"start":{"line":118,"column":0},"end":{"line":118,"column":27}},"118":{"start":{"line":119,"column":0},"end":{"line":119,"column":1}},"120":{"start":{"line":121,"column":0},"end":{"line":121,"column":44}},"121":{"start":{"line":122,"column":0},"end":{"line":122,"column":14}},"122":{"start":{"line":123,"column":0},"end":{"line":123,"column":27}},"123":{"start":{"line":124,"column":0},"end":{"line":124,"column":26}},"124":{"start":{"line":125,"column":0},"end":{"line":125,"column":27}},"125":{"start":{"line":126,"column":0},"end":{"line":126,"column":1}}},"s":{"15":1,"17":1,"19":1,"20":18,"21":18,"22":18,"23":18,"25":18,"26":18,"28":18,"30":9,"31":9,"32":9,"33":9,"35":9,"36":9,"38":18,"39":18,"40":0,"41":0,"42":0,"43":0,"44":0,"46":28,"47":28,"48":28,"49":28,"50":0,"51":0,"53":28,"54":28,"56":19,"57":0,"58":19,"60":28,"63":0,"64":0,"66":19,"67":19,"68":19,"70":0,"71":0,"72":0,"73":0,"74":0,"75":0,"76":0,"77":0,"78":0,"79":0,"80":0,"81":0,"82":0,"84":0,"85":0,"87":28,"88":28,"89":28,"90":28,"91":0,"92":0,"94":9,"95":9,"96":0,"97":0,"98":0,"99":0,"100":0,"101":0,"102":0,"103":0,"104":0,"105":0,"106":0,"107":0,"108":0,"109":0,"110":0,"112":19,"113":19,"114":19,"115":19,"116":19,"117":19,"118":19,"120":0,"121":0,"122":0,"123":0,"124":0,"125":0},"branchMap":{"0":{"type":"branch","line":20,"loc":{"start":{"line":20,"column":7},"end":{"line":37,"column":1}},"locations":[{"start":{"line":20,"column":7},"end":{"line":37,"column":1}}]},"1":{"type":"branch","line":26,"loc":{"start":{"line":26,"column":35},"end":{"line":26,"column":52}},"locations":[{"start":{"line":26,"column":35},"end":{"line":26,"column":52}}]},"2":{"type":"branch","line":27,"loc":{"start":{"line":27,"column":39},"end":{"line":27,"column":57}},"locations":[{"start":{"line":27,"column":39},"end":{"line":27,"column":57}}]},"3":{"type":"branch","line":29,"loc":{"start":{"line":29,"column":39},"end":{"line":37,"column":1}},"locations":[{"start":{"line":29,"column":39},"end":{"line":37,"column":1}}]},"4":{"type":"branch","line":24,"loc":{"start":{"line":24,"column":12},"end":{"line":24,"column":42}},"locations":[{"start":{"line":24,"column":12},"end":{"line":24,"column":42}}]},"5":{"type":"branch","line":33,"loc":{"start":{"line":33,"column":12},"end":{"line":33,"column":42}},"locations":[{"start":{"line":33,"column":12},"end":{"line":33,"column":42}}]},"6":{"type":"branch","line":39,"loc":{"start":{"line":39,"column":0},"end":{"line":45,"column":1}},"locations":[{"start":{"line":39,"column":0},"end":{"line":45,"column":1}}]},"7":{"type":"branch","line":40,"loc":{"start":{"line":40,"column":43},"end":{"line":45,"column":1}},"locations":[{"start":{"line":40,"column":43},"end":{"line":45,"column":1}}]},"8":{"type":"branch","line":47,"loc":{"start":{"line":47,"column":0},"end":{"line":86,"column":1}},"locations":[{"start":{"line":47,"column":0},"end":{"line":86,"column":1}}]},"9":{"type":"branch","line":50,"loc":{"start":{"line":50,"column":36},"end":{"line":52,"column":3}},"locations":[{"start":{"line":50,"column":36},"end":{"line":52,"column":3}}]},"10":{"type":"branch","line":55,"loc":{"start":{"line":55,"column":35},"end":{"line":55,"column":47}},"locations":[{"start":{"line":55,"column":35},"end":{"line":55,"column":47}}]},"11":{"type":"branch","line":55,"loc":{"start":{"line":55,"column":42},"end":{"line":57,"column":50}},"locations":[{"start":{"line":55,"column":42},"end":{"line":57,"column":50}}]},"12":{"type":"branch","line":57,"loc":{"start":{"line":57,"column":49},"end":{"line":58,"column":13}},"locations":[{"start":{"line":57,"column":49},"end":{"line":58,"column":13}}]},"13":{"type":"branch","line":58,"loc":{"start":{"line":58,"column":6},"end":{"line":59,"column":32}},"locations":[{"start":{"line":58,"column":6},"end":{"line":59,"column":32}}]},"14":{"type":"branch","line":61,"loc":{"start":{"line":61,"column":27},"end":{"line":65,"column":3}},"locations":[{"start":{"line":61,"column":27},"end":{"line":65,"column":3}}]},"15":{"type":"branch","line":65,"loc":{"start":{"line":65,"column":2},"end":{"line":69,"column":3}},"locations":[{"start":{"line":65,"column":2},"end":{"line":69,"column":3}}]},"16":{"type":"branch","line":69,"loc":{"start":{"line":69,"column":2},"end":{"line":86,"column":1}},"locations":[{"start":{"line":69,"column":2},"end":{"line":86,"column":1}}]},"17":{"type":"branch","line":88,"loc":{"start":{"line":88,"column":0},"end":{"line":93,"column":1}},"locations":[{"start":{"line":88,"column":0},"end":{"line":93,"column":1}}]},"18":{"type":"branch","line":91,"loc":{"start":{"line":91,"column":43},"end":{"line":93,"column":1}},"locations":[{"start":{"line":91,"column":43},"end":{"line":93,"column":1}}]},"19":{"type":"branch","line":95,"loc":{"start":{"line":95,"column":0},"end":{"line":111,"column":1}},"locations":[{"start":{"line":95,"column":0},"end":{"line":111,"column":1}}]},"20":{"type":"branch","line":96,"loc":{"start":{"line":96,"column":63},"end":{"line":111,"column":1}},"locations":[{"start":{"line":96,"column":63},"end":{"line":111,"column":1}}]},"21":{"type":"branch","line":113,"loc":{"start":{"line":113,"column":0},"end":{"line":119,"column":1}},"locations":[{"start":{"line":113,"column":0},"end":{"line":119,"column":1}}]}},"b":{"0":[18],"1":[0],"2":[0],"3":[9],"4":[28],"5":[9],"6":[18],"7":[0],"8":[28],"9":[0],"10":[9],"11":[19],"12":[0],"13":[19],"14":[0],"15":[19],"16":[0],"17":[28],"18":[0],"19":[9],"20":[0],"21":[19]},"fnMap":{"0":{"name":"jsxElementToSvgString","decl":{"start":{"line":20,"column":7},"end":{"line":37,"column":1}},"loc":{"start":{"line":20,"column":7},"end":{"line":37,"column":1}},"line":20},"1":{"name":"readTagName","decl":{"start":{"line":39,"column":0},"end":{"line":45,"column":1}},"loc":{"start":{"line":39,"column":0},"end":{"line":45,"column":1}},"line":39},"2":{"name":"serializeAttribute","decl":{"start":{"line":47,"column":0},"end":{"line":86,"column":1}},"loc":{"start":{"line":47,"column":0},"end":{"line":86,"column":1}},"line":47},"3":{"name":"readAttrName","decl":{"start":{"line":88,"column":0},"end":{"line":93,"column":1}},"loc":{"start":{"line":88,"column":0},"end":{"line":93,"column":1}},"line":88},"4":{"name":"serializeChild","decl":{"start":{"line":95,"column":0},"end":{"line":111,"column":1}},"loc":{"start":{"line":95,"column":0},"end":{"line":111,"column":1}},"line":95},"5":{"name":"escapeAttr","decl":{"start":{"line":113,"column":0},"end":{"line":119,"column":1}},"loc":{"start":{"line":113,"column":0},"end":{"line":119,"column":1}},"line":113},"6":{"name":"escapeText","decl":{"start":{"line":121,"column":0},"end":{"line":126,"column":1}},"loc":{"start":{"line":121,"column":0},"end":{"line":126,"column":1}},"line":121}},"f":{"0":18,"1":18,"2":28,"3":28,"4":9,"5":19,"6":0}}
,"/Users/ismailyagci/Desktop/personal/optical-center-main/src/babel/sync-cache.ts": {"path":"/Users/ismailyagci/Desktop/personal/optical-center-main/src/babel/sync-cache.ts","all":false,"statementMap":{"20":{"start":{"line":21,"column":0},"end":{"line":21,"column":65}},"21":{"start":{"line":22,"column":0},"end":{"line":22,"column":42}},"23":{"start":{"line":24,"column":0},"end":{"line":24,"column":55}},"25":{"start":{"line":26,"column":0},"end":{"line":26,"column":69}},"40":{"start":{"line":41,"column":0},"end":{"line":41,"column":33}},"42":{"start":{"line":43,"column":0},"end":{"line":43,"column":36}},"43":{"start":{"line":44,"column":0},"end":{"line":44,"column":31}},"44":{"start":{"line":45,"column":0},"end":{"line":45,"column":50}},"45":{"start":{"line":46,"column":0},"end":{"line":46,"column":38}},"46":{"start":{"line":47,"column":0},"end":{"line":47,"column":84}},"48":{"start":{"line":49,"column":0},"end":{"line":49,"column":43}},"49":{"start":{"line":50,"column":0},"end":{"line":50,"column":74}},"50":{"start":{"line":51,"column":0},"end":{"line":51,"column":65}},"51":{"start":{"line":52,"column":0},"end":{"line":52,"column":3}},"53":{"start":{"line":54,"column":0},"end":{"line":54,"column":54}},"54":{"start":{"line":55,"column":0},"end":{"line":55,"column":37}},"56":{"start":{"line":57,"column":0},"end":{"line":57,"column":38}},"57":{"start":{"line":58,"column":0},"end":{"line":58,"column":33}},"58":{"start":{"line":59,"column":0},"end":{"line":59,"column":26}},"59":{"start":{"line":60,"column":0},"end":{"line":60,"column":33}},"60":{"start":{"line":61,"column":0},"end":{"line":61,"column":26}},"61":{"start":{"line":62,"column":0},"end":{"line":62,"column":38}},"62":{"start":{"line":63,"column":0},"end":{"line":63,"column":5}},"64":{"start":{"line":65,"column":0},"end":{"line":65,"column":9}},"65":{"start":{"line":66,"column":0},"end":{"line":66,"column":60}},"66":{"start":{"line":67,"column":0},"end":{"line":67,"column":52}},"67":{"start":{"line":68,"column":0},"end":{"line":68,"column":78}},"68":{"start":{"line":69,"column":0},"end":{"line":69,"column":28}},"69":{"start":{"line":70,"column":0},"end":{"line":70,"column":36}},"70":{"start":{"line":71,"column":0},"end":{"line":71,"column":7}},"71":{"start":{"line":72,"column":0},"end":{"line":72,"column":39}},"72":{"start":{"line":73,"column":0},"end":{"line":73,"column":26}},"73":{"start":{"line":74,"column":0},"end":{"line":74,"column":41}},"74":{"start":{"line":75,"column":0},"end":{"line":75,"column":13}},"75":{"start":{"line":76,"column":0},"end":{"line":76,"column":26}},"76":{"start":{"line":77,"column":0},"end":{"line":77,"column":34}},"77":{"start":{"line":78,"column":0},"end":{"line":78,"column":5}},"78":{"start":{"line":79,"column":0},"end":{"line":79,"column":3}},"80":{"start":{"line":81,"column":0},"end":{"line":81,"column":65}},"81":{"start":{"line":82,"column":0},"end":{"line":82,"column":37}},"82":{"start":{"line":83,"column":0},"end":{"line":83,"column":31}},"84":{"start":{"line":85,"column":0},"end":{"line":85,"column":33}},"85":{"start":{"line":86,"column":0},"end":{"line":86,"column":11}},"86":{"start":{"line":87,"column":0},"end":{"line":87,"column":10}},"87":{"start":{"line":88,"column":0},"end":{"line":88,"column":42}},"88":{"start":{"line":89,"column":0},"end":{"line":89,"column":43}},"89":{"start":{"line":90,"column":0},"end":{"line":90,"column":12}},"90":{"start":{"line":91,"column":0},"end":{"line":91,"column":6}},"92":{"start":{"line":93,"column":0},"end":{"line":93,"column":9}},"93":{"start":{"line":94,"column":0},"end":{"line":94,"column":41}},"94":{"start":{"line":95,"column":0},"end":{"line":95,"column":54}},"95":{"start":{"line":96,"column":0},"end":{"line":96,"column":51}},"96":{"start":{"line":97,"column":0},"end":{"line":97,"column":26}},"97":{"start":{"line":98,"column":0},"end":{"line":98,"column":36}},"98":{"start":{"line":99,"column":0},"end":{"line":99,"column":13}},"99":{"start":{"line":100,"column":0},"end":{"line":100,"column":33}},"100":{"start":{"line":101,"column":0},"end":{"line":101,"column":37}},"101":{"start":{"line":102,"column":0},"end":{"line":102,"column":5}},"102":{"start":{"line":103,"column":0},"end":{"line":103,"column":3}},"104":{"start":{"line":105,"column":0},"end":{"line":105,"column":42}},"105":{"start":{"line":106,"column":0},"end":{"line":106,"column":41}},"106":{"start":{"line":107,"column":0},"end":{"line":107,"column":3}},"108":{"start":{"line":109,"column":0},"end":{"line":109,"column":50}},"109":{"start":{"line":110,"column":0},"end":{"line":110,"column":46}},"110":{"start":{"line":111,"column":0},"end":{"line":111,"column":28}},"111":{"start":{"line":112,"column":0},"end":{"line":112,"column":44}},"112":{"start":{"line":113,"column":0},"end":{"line":113,"column":49}},"113":{"start":{"line":114,"column":0},"end":{"line":114,"column":38}},"114":{"start":{"line":115,"column":0},"end":{"line":115,"column":29}},"115":{"start":{"line":116,"column":0},"end":{"line":116,"column":5}},"116":{"start":{"line":117,"column":0},"end":{"line":117,"column":3}},"117":{"start":{"line":118,"column":0},"end":{"line":118,"column":1}}},"s":{"20":1,"21":1,"23":1,"25":1,"40":1,"42":1,"43":27,"44":27,"45":27,"46":27,"48":27,"49":27,"50":27,"51":27,"53":27,"54":13,"56":13,"57":13,"58":1,"59":1,"60":1,"61":1,"62":1,"64":12,"65":12,"66":12,"67":13,"68":0,"69":0,"70":0,"71":11,"72":11,"73":11,"74":13,"75":1,"76":1,"77":1,"78":13,"80":27,"81":5,"82":5,"84":5,"85":5,"86":5,"87":5,"88":5,"89":5,"90":5,"92":5,"93":5,"94":5,"95":5,"96":5,"97":5,"98":5,"99":0,"100":0,"101":0,"102":5,"104":27,"105":17,"106":17,"108":27,"109":16,"110":16,"111":16,"112":2,"113":2,"114":2,"115":2,"116":16,"117":27},"branchMap":{"0":{"type":"branch","line":43,"loc":{"start":{"line":43,"column":35},"end":{"line":118,"column":1}},"locations":[{"start":{"line":43,"column":35},"end":{"line":118,"column":1}}]},"1":{"type":"branch","line":49,"loc":{"start":{"line":49,"column":2},"end":{"line":52,"column":3}},"locations":[{"start":{"line":49,"column":2},"end":{"line":52,"column":3}}]},"2":{"type":"branch","line":50,"loc":{"start":{"line":50,"column":20},"end":{"line":50,"column":36}},"locations":[{"start":{"line":50,"column":20},"end":{"line":50,"column":36}}]},"3":{"type":"branch","line":50,"loc":{"start":{"line":50,"column":29},"end":{"line":50,"column":55}},"locations":[{"start":{"line":50,"column":29},"end":{"line":50,"column":55}}]},"4":{"type":"branch","line":51,"loc":{"start":{"line":51,"column":22},"end":{"line":51,"column":45}},"locations":[{"start":{"line":51,"column":22},"end":{"line":51,"column":45}}]},"5":{"type":"branch","line":51,"loc":{"start":{"line":51,"column":31},"end":{"line":51,"column":65}},"locations":[{"start":{"line":51,"column":31},"end":{"line":51,"column":65}}]},"6":{"type":"branch","line":54,"loc":{"start":{"line":54,"column":2},"end":{"line":79,"column":3}},"locations":[{"start":{"line":54,"column":2},"end":{"line":79,"column":3}}]},"7":{"type":"branch","line":58,"loc":{"start":{"line":58,"column":32},"end":{"line":63,"column":5}},"locations":[{"start":{"line":58,"column":32},"end":{"line":63,"column":5}}]},"8":{"type":"branch","line":63,"loc":{"start":{"line":63,"column":4},"end":{"line":68,"column":31}},"locations":[{"start":{"line":63,"column":4},"end":{"line":68,"column":31}}]},"9":{"type":"branch","line":68,"loc":{"start":{"line":68,"column":24},"end":{"line":68,"column":77}},"locations":[{"start":{"line":68,"column":24},"end":{"line":68,"column":77}}]},"10":{"type":"branch","line":68,"loc":{"start":{"line":68,"column":77},"end":{"line":71,"column":7}},"locations":[{"start":{"line":68,"column":77},"end":{"line":71,"column":7}}]},"11":{"type":"branch","line":71,"loc":{"start":{"line":71,"column":6},"end":{"line":75,"column":12}},"locations":[{"start":{"line":71,"column":6},"end":{"line":75,"column":12}}]},"12":{"type":"branch","line":75,"loc":{"start":{"line":75,"column":4},"end":{"line":78,"column":5}},"locations":[{"start":{"line":75,"column":4},"end":{"line":78,"column":5}}]},"13":{"type":"branch","line":81,"loc":{"start":{"line":81,"column":2},"end":{"line":103,"column":3}},"locations":[{"start":{"line":81,"column":2},"end":{"line":103,"column":3}}]},"14":{"type":"branch","line":99,"loc":{"start":{"line":99,"column":4},"end":{"line":102,"column":5}},"locations":[{"start":{"line":99,"column":4},"end":{"line":102,"column":5}}]},"15":{"type":"branch","line":105,"loc":{"start":{"line":105,"column":10},"end":{"line":107,"column":3}},"locations":[{"start":{"line":105,"column":10},"end":{"line":107,"column":3}}]},"16":{"type":"branch","line":109,"loc":{"start":{"line":109,"column":10},"end":{"line":117,"column":3}},"locations":[{"start":{"line":109,"column":10},"end":{"line":117,"column":3}}]},"17":{"type":"branch","line":110,"loc":{"start":{"line":110,"column":26},"end":{"line":110,"column":46}},"locations":[{"start":{"line":110,"column":26},"end":{"line":110,"column":46}}]},"18":{"type":"branch","line":112,"loc":{"start":{"line":112,"column":43},"end":{"line":116,"column":5}},"locations":[{"start":{"line":112,"column":43},"end":{"line":116,"column":5}}]},"19":{"type":"branch","line":114,"loc":{"start":{"line":114,"column":32},"end":{"line":114,"column":38}},"locations":[{"start":{"line":114,"column":32},"end":{"line":114,"column":38}}]}},"b":{"0":[27],"1":[27],"2":[5],"3":[22],"4":[5],"5":[26],"6":[13],"7":[1],"8":[12],"9":[11],"10":[0],"11":[11],"12":[1],"13":[5],"14":[0],"15":[17],"16":[16],"17":[0],"18":[2],"19":[0]},"fnMap":{"0":{"name":"<instance_members_initializer>","decl":{"start":{"line":43,"column":35},"end":{"line":118,"column":1}},"loc":{"start":{"line":43,"column":35},"end":{"line":118,"column":1}},"line":43},"1":{"name":"SyncTransformCache","decl":{"start":{"line":49,"column":2},"end":{"line":52,"column":3}},"loc":{"start":{"line":49,"column":2},"end":{"line":52,"column":3}},"line":49},"2":{"name":"get","decl":{"start":{"line":54,"column":2},"end":{"line":79,"column":3}},"loc":{"start":{"line":54,"column":2},"end":{"line":79,"column":3}},"line":54},"3":{"name":"set","decl":{"start":{"line":81,"column":2},"end":{"line":103,"column":3}},"loc":{"start":{"line":81,"column":2},"end":{"line":103,"column":3}},"line":81},"4":{"name":"entryPath","decl":{"start":{"line":105,"column":10},"end":{"line":107,"column":3}},"loc":{"start":{"line":105,"column":10},"end":{"line":107,"column":3}},"line":105},"5":{"name":"promoteL1","decl":{"start":{"line":109,"column":10},"end":{"line":117,"column":3}},"loc":{"start":{"line":109,"column":10},"end":{"line":117,"column":3}},"line":109}},"f":{"0":27,"1":27,"2":13,"3":5,"4":17,"5":16}}
,"/Users/ismailyagci/Desktop/personal/optical-center-main/src/babel/visitor.ts": {"path":"/Users/ismailyagci/Desktop/personal/optical-center-main/src/babel/visitor.ts","all":false,"statementMap":{"23":{"start":{"line":24,"column":0},"end":{"line":24,"column":34}},"26":{"start":{"line":27,"column":0},"end":{"line":27,"column":52}},"27":{"start":{"line":28,"column":0},"end":{"line":28,"column":59}},"28":{"start":{"line":29,"column":0},"end":{"line":29,"column":64}},"32":{"start":{"line":33,"column":0},"end":{"line":33,"column":56}},"33":{"start":{"line":34,"column":0},"end":{"line":34,"column":53}},"67":{"start":{"line":68,"column":0},"end":{"line":68,"column":82}},"68":{"start":{"line":69,"column":0},"end":{"line":69,"column":82}},"70":{"start":{"line":71,"column":0},"end":{"line":71,"column":32}},"71":{"start":{"line":72,"column":0},"end":{"line":72,"column":31}},"72":{"start":{"line":73,"column":0},"end":{"line":73,"column":26}},"73":{"start":{"line":74,"column":0},"end":{"line":74,"column":9}},"74":{"start":{"line":75,"column":0},"end":{"line":75,"column":40}},"75":{"start":{"line":76,"column":0},"end":{"line":76,"column":46}},"78":{"start":{"line":79,"column":0},"end":{"line":79,"column":38}},"79":{"start":{"line":80,"column":0},"end":{"line":80,"column":64}},"81":{"start":{"line":82,"column":0},"end":{"line":82,"column":42}},"82":{"start":{"line":83,"column":0},"end":{"line":83,"column":39}},"84":{"start":{"line":85,"column":0},"end":{"line":85,"column":75}},"85":{"start":{"line":86,"column":0},"end":{"line":86,"column":32}},"86":{"start":{"line":87,"column":0},"end":{"line":87,"column":53}},"87":{"start":{"line":88,"column":0},"end":{"line":88,"column":36}},"88":{"start":{"line":89,"column":0},"end":{"line":89,"column":13}},"89":{"start":{"line":90,"column":0},"end":{"line":90,"column":5}},"90":{"start":{"line":91,"column":0},"end":{"line":91,"column":3}},"92":{"start":{"line":93,"column":0},"end":{"line":93,"column":73}},"93":{"start":{"line":94,"column":0},"end":{"line":94,"column":27}},"94":{"start":{"line":95,"column":0},"end":{"line":95,"column":54}},"95":{"start":{"line":96,"column":0},"end":{"line":96,"column":37}},"96":{"start":{"line":97,"column":0},"end":{"line":97,"column":30}},"97":{"start":{"line":98,"column":0},"end":{"line":98,"column":52}},"98":{"start":{"line":99,"column":0},"end":{"line":99,"column":34}},"99":{"start":{"line":100,"column":0},"end":{"line":100,"column":11}},"100":{"start":{"line":101,"column":0},"end":{"line":101,"column":3}},"103":{"start":{"line":104,"column":0},"end":{"line":104,"column":42}},"104":{"start":{"line":105,"column":0},"end":{"line":105,"column":23}},"105":{"start":{"line":106,"column":0},"end":{"line":106,"column":50}},"106":{"start":{"line":107,"column":0},"end":{"line":107,"column":34}},"107":{"start":{"line":108,"column":0},"end":{"line":108,"column":11}},"108":{"start":{"line":109,"column":0},"end":{"line":109,"column":3}},"111":{"start":{"line":112,"column":0},"end":{"line":112,"column":18}},"112":{"start":{"line":113,"column":0},"end":{"line":113,"column":7}},"113":{"start":{"line":114,"column":0},"end":{"line":114,"column":38}},"114":{"start":{"line":115,"column":0},"end":{"line":115,"column":11}},"115":{"start":{"line":116,"column":0},"end":{"line":116,"column":54}},"116":{"start":{"line":117,"column":0},"end":{"line":117,"column":34}},"117":{"start":{"line":118,"column":0},"end":{"line":118,"column":11}},"118":{"start":{"line":119,"column":0},"end":{"line":119,"column":3}},"119":{"start":{"line":120,"column":0},"end":{"line":120,"column":82}},"120":{"start":{"line":121,"column":0},"end":{"line":121,"column":59}},"121":{"start":{"line":122,"column":0},"end":{"line":122,"column":34}},"122":{"start":{"line":123,"column":0},"end":{"line":123,"column":11}},"123":{"start":{"line":124,"column":0},"end":{"line":124,"column":3}},"125":{"start":{"line":126,"column":0},"end":{"line":126,"column":22}},"126":{"start":{"line":127,"column":0},"end":{"line":127,"column":36}},"127":{"start":{"line":128,"column":0},"end":{"line":128,"column":27}},"131":{"start":{"line":132,"column":0},"end":{"line":132,"column":70}},"132":{"start":{"line":133,"column":0},"end":{"line":133,"column":60}},"133":{"start":{"line":134,"column":0},"end":{"line":134,"column":15}},"134":{"start":{"line":135,"column":0},"end":{"line":135,"column":29}},"135":{"start":{"line":136,"column":0},"end":{"line":136,"column":35}},"136":{"start":{"line":137,"column":0},"end":{"line":137,"column":39}},"137":{"start":{"line":138,"column":0},"end":{"line":138,"column":10}},"138":{"start":{"line":139,"column":0},"end":{"line":139,"column":9}},"139":{"start":{"line":140,"column":0},"end":{"line":140,"column":39}},"140":{"start":{"line":141,"column":0},"end":{"line":141,"column":46}},"141":{"start":{"line":142,"column":0},"end":{"line":142,"column":60}},"142":{"start":{"line":143,"column":0},"end":{"line":143,"column":43}},"143":{"start":{"line":144,"column":0},"end":{"line":144,"column":9}},"144":{"start":{"line":145,"column":0},"end":{"line":145,"column":31}},"145":{"start":{"line":146,"column":0},"end":{"line":146,"column":37}},"146":{"start":{"line":147,"column":0},"end":{"line":147,"column":41}},"147":{"start":{"line":148,"column":0},"end":{"line":148,"column":36}},"148":{"start":{"line":149,"column":0},"end":{"line":149,"column":16}},"149":{"start":{"line":150,"column":0},"end":{"line":150,"column":19}},"150":{"start":{"line":151,"column":0},"end":{"line":151,"column":21}},"151":{"start":{"line":152,"column":0},"end":{"line":152,"column":9}},"152":{"start":{"line":153,"column":0},"end":{"line":153,"column":13}},"153":{"start":{"line":154,"column":0},"end":{"line":154,"column":61}},"154":{"start":{"line":155,"column":0},"end":{"line":155,"column":36}},"155":{"start":{"line":156,"column":0},"end":{"line":156,"column":13}},"156":{"start":{"line":157,"column":0},"end":{"line":157,"column":5}},"157":{"start":{"line":158,"column":0},"end":{"line":158,"column":3}},"160":{"start":{"line":161,"column":0},"end":{"line":161,"column":49}},"161":{"start":{"line":162,"column":0},"end":{"line":162,"column":90}},"162":{"start":{"line":163,"column":0},"end":{"line":163,"column":4}},"163":{"start":{"line":164,"column":0},"end":{"line":164,"column":47}},"164":{"start":{"line":165,"column":0},"end":{"line":165,"column":59}},"165":{"start":{"line":166,"column":0},"end":{"line":166,"column":38}},"166":{"start":{"line":167,"column":0},"end":{"line":167,"column":42}},"167":{"start":{"line":168,"column":0},"end":{"line":168,"column":3}},"168":{"start":{"line":169,"column":0},"end":{"line":169,"column":21}},"169":{"start":{"line":170,"column":0},"end":{"line":170,"column":56}},"170":{"start":{"line":171,"column":0},"end":{"line":171,"column":3}},"172":{"start":{"line":173,"column":0},"end":{"line":173,"column":32}},"173":{"start":{"line":174,"column":0},"end":{"line":174,"column":14}},"174":{"start":{"line":175,"column":0},"end":{"line":175,"column":1}},"176":{"start":{"line":177,"column":0},"end":{"line":177,"column":23}},"177":{"start":{"line":178,"column":0},"end":{"line":178,"column":71}},"178":{"start":{"line":179,"column":0},"end":{"line":179,"column":15}},"179":{"start":{"line":180,"column":0},"end":{"line":180,"column":31}},"180":{"start":{"line":181,"column":0},"end":{"line":181,"column":34}},"181":{"start":{"line":182,"column":0},"end":{"line":182,"column":75}},"182":{"start":{"line":183,"column":0},"end":{"line":183,"column":18}},"183":{"start":{"line":184,"column":0},"end":{"line":184,"column":5}},"184":{"start":{"line":185,"column":0},"end":{"line":185,"column":3}},"185":{"start":{"line":186,"column":0},"end":{"line":186,"column":19}},"186":{"start":{"line":187,"column":0},"end":{"line":187,"column":1}},"190":{"start":{"line":191,"column":0},"end":{"line":191,"column":69}},"191":{"start":{"line":192,"column":0},"end":{"line":192,"column":44}},"192":{"start":{"line":193,"column":0},"end":{"line":193,"column":38}},"193":{"start":{"line":194,"column":0},"end":{"line":194,"column":63}},"194":{"start":{"line":195,"column":0},"end":{"line":195,"column":3}},"195":{"start":{"line":196,"column":0},"end":{"line":196,"column":47}},"196":{"start":{"line":197,"column":0},"end":{"line":197,"column":39}},"197":{"start":{"line":198,"column":0},"end":{"line":198,"column":77}},"198":{"start":{"line":199,"column":0},"end":{"line":199,"column":86}},"199":{"start":{"line":200,"column":0},"end":{"line":200,"column":21}},"200":{"start":{"line":201,"column":0},"end":{"line":201,"column":3}},"201":{"start":{"line":202,"column":0},"end":{"line":202,"column":19}},"202":{"start":{"line":203,"column":0},"end":{"line":203,"column":1}},"204":{"start":{"line":205,"column":0},"end":{"line":205,"column":63}},"205":{"start":{"line":206,"column":0},"end":{"line":206,"column":54}},"206":{"start":{"line":207,"column":0},"end":{"line":207,"column":57}},"207":{"start":{"line":208,"column":0},"end":{"line":208,"column":8}},"208":{"start":{"line":209,"column":0},"end":{"line":209,"column":28}},"209":{"start":{"line":210,"column":0},"end":{"line":210,"column":33}},"210":{"start":{"line":211,"column":0},"end":{"line":211,"column":44}},"211":{"start":{"line":212,"column":0},"end":{"line":212,"column":7}},"212":{"start":{"line":213,"column":0},"end":{"line":213,"column":41}},"213":{"start":{"line":214,"column":0},"end":{"line":214,"column":10}},"214":{"start":{"line":215,"column":0},"end":{"line":215,"column":35}},"215":{"start":{"line":216,"column":0},"end":{"line":216,"column":36}},"216":{"start":{"line":217,"column":0},"end":{"line":217,"column":33}},"217":{"start":{"line":218,"column":0},"end":{"line":218,"column":9}},"218":{"start":{"line":219,"column":0},"end":{"line":219,"column":28}},"219":{"start":{"line":220,"column":0},"end":{"line":220,"column":7}},"220":{"start":{"line":221,"column":0},"end":{"line":221,"column":5}},"221":{"start":{"line":222,"column":0},"end":{"line":222,"column":3}},"223":{"start":{"line":224,"column":0},"end":{"line":224,"column":38}},"224":{"start":{"line":225,"column":0},"end":{"line":225,"column":63}},"225":{"start":{"line":226,"column":0},"end":{"line":226,"column":52}},"226":{"start":{"line":227,"column":0},"end":{"line":227,"column":55}},"227":{"start":{"line":228,"column":0},"end":{"line":228,"column":32}},"228":{"start":{"line":229,"column":0},"end":{"line":229,"column":40}},"229":{"start":{"line":230,"column":0},"end":{"line":230,"column":30}},"230":{"start":{"line":231,"column":0},"end":{"line":231,"column":5}},"231":{"start":{"line":232,"column":0},"end":{"line":232,"column":3}},"233":{"start":{"line":234,"column":0},"end":{"line":234,"column":22}},"234":{"start":{"line":235,"column":0},"end":{"line":235,"column":1}},"236":{"start":{"line":237,"column":0},"end":{"line":237,"column":25}},"237":{"start":{"line":238,"column":0},"end":{"line":238,"column":31}},"238":{"start":{"line":239,"column":0},"end":{"line":239,"column":15}},"239":{"start":{"line":240,"column":0},"end":{"line":240,"column":16}},"240":{"start":{"line":241,"column":0},"end":{"line":241,"column":9}},"241":{"start":{"line":242,"column":0},"end":{"line":242,"column":59}},"242":{"start":{"line":243,"column":0},"end":{"line":243,"column":45}},"243":{"start":{"line":244,"column":0},"end":{"line":244,"column":17}},"244":{"start":{"line":245,"column":0},"end":{"line":245,"column":33}},"245":{"start":{"line":246,"column":0},"end":{"line":246,"column":11}},"246":{"start":{"line":247,"column":0},"end":{"line":247,"column":3}},"247":{"start":{"line":248,"column":0},"end":{"line":248,"column":78}},"248":{"start":{"line":249,"column":0},"end":{"line":249,"column":1}},"250":{"start":{"line":251,"column":0},"end":{"line":251,"column":21}},"251":{"start":{"line":252,"column":0},"end":{"line":252,"column":26}},"252":{"start":{"line":253,"column":0},"end":{"line":253,"column":20}},"253":{"start":{"line":254,"column":0},"end":{"line":254,"column":31}},"254":{"start":{"line":255,"column":0},"end":{"line":255,"column":9}},"255":{"start":{"line":256,"column":0},"end":{"line":256,"column":33}},"256":{"start":{"line":257,"column":0},"end":{"line":257,"column":28}},"257":{"start":{"line":258,"column":0},"end":{"line":258,"column":22}},"258":{"start":{"line":259,"column":0},"end":{"line":259,"column":45}},"259":{"start":{"line":260,"column":0},"end":{"line":260,"column":16}},"260":{"start":{"line":261,"column":0},"end":{"line":261,"column":20}},"261":{"start":{"line":262,"column":0},"end":{"line":262,"column":59}},"262":{"start":{"line":263,"column":0},"end":{"line":263,"column":4}},"263":{"start":{"line":264,"column":0},"end":{"line":264,"column":1}}},"s":{"23":1,"26":1,"27":1,"28":1,"32":1,"33":1,"67":1,"68":1,"70":1,"71":36,"72":36,"73":36,"74":36,"75":36,"78":36,"79":36,"81":36,"82":41,"84":3,"85":3,"86":3,"87":3,"88":3,"89":3,"90":41,"92":19,"93":19,"94":17,"95":17,"96":36,"97":1,"98":1,"99":1,"100":1,"103":15,"104":25,"105":6,"106":6,"107":6,"108":6,"111":9,"112":9,"113":9,"114":21,"115":0,"116":0,"117":0,"118":0,"119":36,"120":0,"121":0,"122":0,"123":0,"125":9,"126":9,"127":9,"131":36,"132":36,"133":36,"134":9,"135":9,"136":9,"137":21,"138":0,"139":0,"140":0,"141":0,"142":0,"143":0,"144":0,"145":0,"146":0,"147":0,"148":0,"149":0,"150":0,"151":0,"152":0,"153":0,"154":0,"155":0,"156":0,"157":0,"160":9,"161":9,"162":9,"163":9,"164":20,"165":11,"166":11,"167":11,"168":21,"169":0,"170":0,"172":9,"173":9,"174":9,"176":39,"177":39,"178":39,"179":39,"180":39,"181":43,"182":26,"183":26,"184":43,"185":13,"186":13,"190":17,"191":17,"192":13,"193":1,"194":1,"195":2,"196":2,"197":2,"198":1,"199":1,"200":1,"201":0,"202":0,"204":27,"205":27,"206":42,"207":41,"208":41,"209":27,"210":27,"211":42,"212":2,"213":2,"214":2,"215":2,"216":2,"217":2,"218":2,"219":2,"220":2,"221":42,"223":25,"224":15,"225":15,"226":15,"227":12,"228":12,"229":12,"230":12,"231":15,"233":18,"234":18,"236":20,"237":20,"238":20,"239":20,"240":20,"241":20,"242":20,"243":20,"244":9,"245":9,"246":9,"247":11,"248":11,"250":10,"251":10,"252":10,"253":10,"254":10,"255":10,"256":10,"257":10,"258":10,"259":0,"260":10,"261":10,"262":10,"263":10},"branchMap":{"0":{"type":"branch","line":71,"loc":{"start":{"line":71,"column":7},"end":{"line":175,"column":1}},"locations":[{"start":{"line":71,"column":7},"end":{"line":175,"column":1}}]},"1":{"type":"branch","line":76,"loc":{"start":{"line":76,"column":39},"end":{"line":76,"column":46}},"locations":[{"start":{"line":76,"column":39},"end":{"line":76,"column":46}}]},"2":{"type":"branch","line":80,"loc":{"start":{"line":80,"column":57},"end":{"line":82,"column":41}},"locations":[{"start":{"line":80,"column":57},"end":{"line":82,"column":41}}]},"3":{"type":"branch","line":80,"loc":{"start":{"line":80,"column":57},"end":{"line":80,"column":64}},"locations":[{"start":{"line":80,"column":57},"end":{"line":80,"column":64}}]},"4":{"type":"branch","line":80,"loc":{"start":{"line":80,"column":57},"end":{"line":82,"column":41}},"locations":[{"start":{"line":80,"column":57},"end":{"line":82,"column":41}}]},"5":{"type":"branch","line":82,"loc":{"start":{"line":82,"column":41},"end":{"line":91,"column":3}},"locations":[{"start":{"line":82,"column":41},"end":{"line":91,"column":3}}]},"6":{"type":"branch","line":83,"loc":{"start":{"line":83,"column":38},"end":{"line":90,"column":5}},"locations":[{"start":{"line":83,"column":38},"end":{"line":90,"column":5}}]},"7":{"type":"branch","line":91,"loc":{"start":{"line":91,"column":2},"end":{"line":94,"column":27}},"locations":[{"start":{"line":91,"column":2},"end":{"line":94,"column":27}}]},"8":{"type":"branch","line":94,"loc":{"start":{"line":94,"column":20},"end":{"line":94,"column":27}},"locations":[{"start":{"line":94,"column":20},"end":{"line":94,"column":27}}]},"9":{"type":"branch","line":94,"loc":{"start":{"line":94,"column":20},"end":{"line":96,"column":37}},"locations":[{"start":{"line":94,"column":20},"end":{"line":96,"column":37}}]},"10":{"type":"branch","line":96,"loc":{"start":{"line":96,"column":30},"end":{"line":96,"column":37}},"locations":[{"start":{"line":96,"column":30},"end":{"line":96,"column":37}}]},"11":{"type":"branch","line":96,"loc":{"start":{"line":96,"column":30},"end":{"line":97,"column":29}},"locations":[{"start":{"line":96,"column":30},"end":{"line":97,"column":29}}]},"12":{"type":"branch","line":97,"loc":{"start":{"line":97,"column":29},"end":{"line":101,"column":3}},"locations":[{"start":{"line":97,"column":29},"end":{"line":101,"column":3}}]},"13":{"type":"branch","line":101,"loc":{"start":{"line":101,"column":2},"end":{"line":109,"column":3}},"locations":[{"start":{"line":101,"column":2},"end":{"line":109,"column":3}}]},"14":{"type":"branch","line":101,"loc":{"start":{"line":101,"column":2},"end":{"line":105,"column":22}},"locations":[{"start":{"line":101,"column":2},"end":{"line":105,"column":22}}]},"15":{"type":"branch","line":105,"loc":{"start":{"line":105,"column":22},"end":{"line":109,"column":3}},"locations":[{"start":{"line":105,"column":22},"end":{"line":109,"column":3}}]},"16":{"type":"branch","line":109,"loc":{"start":{"line":109,"column":2},"end":{"line":120,"column":81}},"locations":[{"start":{"line":109,"column":2},"end":{"line":120,"column":81}}]},"17":{"type":"branch","line":109,"loc":{"start":{"line":109,"column":2},"end":{"line":115,"column":10}},"locations":[{"start":{"line":109,"column":2},"end":{"line":115,"column":10}}]},"18":{"type":"branch","line":115,"loc":{"start":{"line":115,"column":2},"end":{"line":119,"column":3}},"locations":[{"start":{"line":115,"column":2},"end":{"line":119,"column":3}}]},"19":{"type":"branch","line":119,"loc":{"start":{"line":119,"column":2},"end":{"line":120,"column":81}},"locations":[{"start":{"line":119,"column":2},"end":{"line":120,"column":81}}]},"20":{"type":"branch","line":120,"loc":{"start":{"line":120,"column":81},"end":{"line":132,"column":56}},"locations":[{"start":{"line":120,"column":81},"end":{"line":132,"column":56}}]},"21":{"type":"branch","line":120,"loc":{"start":{"line":120,"column":81},"end":{"line":124,"column":3}},"locations":[{"start":{"line":120,"column":81},"end":{"line":124,"column":3}}]},"22":{"type":"branch","line":124,"loc":{"start":{"line":124,"column":2},"end":{"line":132,"column":50}},"locations":[{"start":{"line":124,"column":2},"end":{"line":132,"column":50}}]},"23":{"type":"branch","line":132,"loc":{"start":{"line":132,"column":35},"end":{"line":132,"column":56}},"locations":[{"start":{"line":132,"column":35},"end":{"line":132,"column":56}}]},"24":{"type":"branch","line":132,"loc":{"start":{"line":132,"column":50},"end":{"line":132,"column":59}},"locations":[{"start":{"line":132,"column":50},"end":{"line":132,"column":59}}]},"25":{"type":"branch","line":133,"loc":{"start":{"line":133,"column":25},"end":{"line":133,"column":36}},"locations":[{"start":{"line":133,"column":25},"end":{"line":133,"column":36}}]},"26":{"type":"branch","line":133,"loc":{"start":{"line":133,"column":46},"end":{"line":133,"column":60}},"locations":[{"start":{"line":133,"column":46},"end":{"line":133,"column":60}}]},"27":{"type":"branch","line":134,"loc":{"start":{"line":134,"column":14},"end":{"line":175,"column":1}},"locations":[{"start":{"line":134,"column":14},"end":{"line":175,"column":1}}]},"28":{"type":"branch","line":134,"loc":{"start":{"line":134,"column":14},"end":{"line":138,"column":9}},"locations":[{"start":{"line":134,"column":14},"end":{"line":138,"column":9}}]},"29":{"type":"branch","line":138,"loc":{"start":{"line":138,"column":2},"end":{"line":158,"column":3}},"locations":[{"start":{"line":138,"column":2},"end":{"line":158,"column":3}}]},"30":{"type":"branch","line":158,"loc":{"start":{"line":158,"column":2},"end":{"line":169,"column":20}},"locations":[{"start":{"line":158,"column":2},"end":{"line":169,"column":20}}]},"31":{"type":"branch","line":158,"loc":{"start":{"line":158,"column":2},"end":{"line":165,"column":58}},"locations":[{"start":{"line":158,"column":2},"end":{"line":165,"column":58}}]},"32":{"type":"branch","line":165,"loc":{"start":{"line":165,"column":58},"end":{"line":168,"column":3}},"locations":[{"start":{"line":165,"column":58},"end":{"line":168,"column":3}}]},"33":{"type":"branch","line":166,"loc":{"start":{"line":166,"column":29},"end":{"line":166,"column":38}},"locations":[{"start":{"line":166,"column":29},"end":{"line":166,"column":38}}]},"34":{"type":"branch","line":168,"loc":{"start":{"line":168,"column":2},"end":{"line":169,"column":20}},"locations":[{"start":{"line":168,"column":2},"end":{"line":169,"column":20}}]},"35":{"type":"branch","line":169,"loc":{"start":{"line":169,"column":20},"end":{"line":171,"column":3}},"locations":[{"start":{"line":169,"column":20},"end":{"line":171,"column":3}}]},"36":{"type":"branch","line":171,"loc":{"start":{"line":171,"column":2},"end":{"line":175,"column":1}},"locations":[{"start":{"line":171,"column":2},"end":{"line":175,"column":1}}]},"37":{"type":"branch","line":162,"loc":{"start":{"line":162,"column":4},"end":{"line":162,"column":90}},"locations":[{"start":{"line":162,"column":4},"end":{"line":162,"column":90}}]},"38":{"type":"branch","line":177,"loc":{"start":{"line":177,"column":0},"end":{"line":187,"column":1}},"locations":[{"start":{"line":177,"column":0},"end":{"line":187,"column":1}}]},"39":{"type":"branch","line":181,"loc":{"start":{"line":181,"column":33},"end":{"line":185,"column":3}},"locations":[{"start":{"line":181,"column":33},"end":{"line":185,"column":3}}]},"40":{"type":"branch","line":182,"loc":{"start":{"line":182,"column":74},"end":{"line":184,"column":5}},"locations":[{"start":{"line":182,"column":74},"end":{"line":184,"column":5}}]},"41":{"type":"branch","line":185,"loc":{"start":{"line":185,"column":2},"end":{"line":187,"column":1}},"locations":[{"start":{"line":185,"column":2},"end":{"line":187,"column":1}}]},"42":{"type":"branch","line":191,"loc":{"start":{"line":191,"column":0},"end":{"line":203,"column":1}},"locations":[{"start":{"line":191,"column":0},"end":{"line":203,"column":1}}]},"43":{"type":"branch","line":192,"loc":{"start":{"line":192,"column":27},"end":{"line":192,"column":44}},"locations":[{"start":{"line":192,"column":27},"end":{"line":192,"column":44}}]},"44":{"type":"branch","line":192,"loc":{"start":{"line":192,"column":34},"end":{"line":203,"column":1}},"locations":[{"start":{"line":192,"column":34},"end":{"line":203,"column":1}}]},"45":{"type":"branch","line":192,"loc":{"start":{"line":192,"column":34},"end":{"line":193,"column":37}},"locations":[{"start":{"line":192,"column":34},"end":{"line":193,"column":37}}]},"46":{"type":"branch","line":193,"loc":{"start":{"line":193,"column":37},"end":{"line":195,"column":3}},"locations":[{"start":{"line":193,"column":37},"end":{"line":195,"column":3}}]},"47":{"type":"branch","line":194,"loc":{"start":{"line":194,"column":41},"end":{"line":194,"column":63}},"locations":[{"start":{"line":194,"column":41},"end":{"line":194,"column":63}}]},"48":{"type":"branch","line":195,"loc":{"start":{"line":195,"column":2},"end":{"line":201,"column":3}},"locations":[{"start":{"line":195,"column":2},"end":{"line":201,"column":3}}]},"49":{"type":"branch","line":198,"loc":{"start":{"line":198,"column":34},"end":{"line":201,"column":3}},"locations":[{"start":{"line":198,"column":34},"end":{"line":201,"column":3}}]},"50":{"type":"branch","line":198,"loc":{"start":{"line":198,"column":46},"end":{"line":198,"column":66}},"locations":[{"start":{"line":198,"column":46},"end":{"line":198,"column":66}}]},"51":{"type":"branch","line":199,"loc":{"start":{"line":199,"column":33},"end":{"line":199,"column":86}},"locations":[{"start":{"line":199,"column":33},"end":{"line":199,"column":86}}]},"52":{"type":"branch","line":201,"loc":{"start":{"line":201,"column":2},"end":{"line":203,"column":1}},"locations":[{"start":{"line":201,"column":2},"end":{"line":203,"column":1}}]},"53":{"type":"branch","line":205,"loc":{"start":{"line":205,"column":0},"end":{"line":235,"column":1}},"locations":[{"start":{"line":205,"column":0},"end":{"line":235,"column":1}}]},"54":{"type":"branch","line":206,"loc":{"start":{"line":206,"column":53},"end":{"line":222,"column":3}},"locations":[{"start":{"line":206,"column":53},"end":{"line":222,"column":3}}]},"55":{"type":"branch","line":207,"loc":{"start":{"line":207,"column":38},"end":{"line":207,"column":57}},"locations":[{"start":{"line":207,"column":38},"end":{"line":207,"column":57}}]},"56":{"type":"branch","line":207,"loc":{"start":{"line":207,"column":45},"end":{"line":209,"column":28}},"locations":[{"start":{"line":207,"column":45},"end":{"line":209,"column":28}}]},"57":{"type":"branch","line":209,"loc":{"start":{"line":209,"column":21},"end":{"line":210,"column":33}},"locations":[{"start":{"line":209,"column":21},"end":{"line":210,"column":33}}]},"58":{"type":"branch","line":210,"loc":{"start":{"line":210,"column":21},"end":{"line":211,"column":44}},"locations":[{"start":{"line":210,"column":21},"end":{"line":211,"column":44}}]},"59":{"type":"branch","line":212,"loc":{"start":{"line":212,"column":6},"end":{"line":221,"column":5}},"locations":[{"start":{"line":212,"column":6},"end":{"line":221,"column":5}}]},"60":{"type":"branch","line":222,"loc":{"start":{"line":222,"column":2},"end":{"line":232,"column":3}},"locations":[{"start":{"line":222,"column":2},"end":{"line":232,"column":3}}]},"61":{"type":"branch","line":222,"loc":{"start":{"line":222,"column":2},"end":{"line":224,"column":37}},"locations":[{"start":{"line":222,"column":2},"end":{"line":224,"column":37}}]},"62":{"type":"branch","line":224,"loc":{"start":{"line":224,"column":37},"end":{"line":232,"column":3}},"locations":[{"start":{"line":224,"column":37},"end":{"line":232,"column":3}}]},"63":{"type":"branch","line":225,"loc":{"start":{"line":225,"column":43},"end":{"line":225,"column":63}},"locations":[{"start":{"line":225,"column":43},"end":{"line":225,"column":63}}]},"64":{"type":"branch","line":225,"loc":{"start":{"line":225,"column":50},"end":{"line":226,"column":39}},"locations":[{"start":{"line":225,"column":50},"end":{"line":226,"column":39}}]},"65":{"type":"branch","line":226,"loc":{"start":{"line":226,"column":32},"end":{"line":226,"column":52}},"locations":[{"start":{"line":226,"column":32},"end":{"line":226,"column":52}}]},"66":{"type":"branch","line":226,"loc":{"start":{"line":226,"column":39},"end":{"line":227,"column":42}},"locations":[{"start":{"line":226,"column":39},"end":{"line":227,"column":42}}]},"67":{"type":"branch","line":227,"loc":{"start":{"line":227,"column":35},"end":{"line":227,"column":55}},"locations":[{"start":{"line":227,"column":35},"end":{"line":227,"column":55}}]},"68":{"type":"branch","line":227,"loc":{"start":{"line":227,"column":42},"end":{"line":231,"column":5}},"locations":[{"start":{"line":227,"column":42},"end":{"line":231,"column":5}}]},"69":{"type":"branch","line":230,"loc":{"start":{"line":230,"column":19},"end":{"line":230,"column":30}},"locations":[{"start":{"line":230,"column":19},"end":{"line":230,"column":30}}]},"70":{"type":"branch","line":232,"loc":{"start":{"line":232,"column":2},"end":{"line":235,"column":1}},"locations":[{"start":{"line":232,"column":2},"end":{"line":235,"column":1}}]},"71":{"type":"branch","line":237,"loc":{"start":{"line":237,"column":0},"end":{"line":249,"column":1}},"locations":[{"start":{"line":237,"column":0},"end":{"line":249,"column":1}}]},"72":{"type":"branch","line":244,"loc":{"start":{"line":244,"column":16},"end":{"line":249,"column":1}},"locations":[{"start":{"line":244,"column":16},"end":{"line":249,"column":1}}]},"73":{"type":"branch","line":244,"loc":{"start":{"line":244,"column":16},"end":{"line":247,"column":3}},"locations":[{"start":{"line":244,"column":16},"end":{"line":247,"column":3}}]},"74":{"type":"branch","line":247,"loc":{"start":{"line":247,"column":2},"end":{"line":249,"column":1}},"locations":[{"start":{"line":247,"column":2},"end":{"line":249,"column":1}}]},"75":{"type":"branch","line":251,"loc":{"start":{"line":251,"column":0},"end":{"line":264,"column":1}},"locations":[{"start":{"line":251,"column":0},"end":{"line":264,"column":1}}]},"76":{"type":"branch","line":256,"loc":{"start":{"line":256,"column":26},"end":{"line":256,"column":33}},"locations":[{"start":{"line":256,"column":26},"end":{"line":256,"column":33}}]},"77":{"type":"branch","line":259,"loc":{"start":{"line":259,"column":43},"end":{"line":260,"column":16}},"locations":[{"start":{"line":259,"column":43},"end":{"line":260,"column":16}}]},"78":{"type":"branch","line":262,"loc":{"start":{"line":262,"column":46},"end":{"line":262,"column":59}},"locations":[{"start":{"line":262,"column":46},"end":{"line":262,"column":59}}]}},"b":{"0":[36],"1":[0],"2":[27],"3":[14],"4":[22],"5":[41],"6":[3],"7":[19],"8":[2],"9":[17],"10":[1],"11":[16],"12":[1],"13":[25],"14":[15],"15":[6],"16":[21],"17":[9],"18":[0],"19":[9],"20":[21],"21":[0],"22":[9],"23":[1],"24":[8],"25":[9],"26":[0],"27":[21],"28":[9],"29":[0],"30":[20],"31":[9],"32":[11],"33":[0],"34":[9],"35":[0],"36":[9],"37":[18],"38":[39],"39":[43],"40":[26],"41":[13],"42":[17],"43":[14],"44":[13],"45":[3],"46":[1],"47":[0],"48":[2],"49":[1],"50":[0],"51":[0],"52":[0],"53":[27],"54":[42],"55":[1],"56":[41],"57":[27],"58":[27],"59":[2],"60":[25],"61":[24],"62":[15],"63":[2],"64":[13],"65":[1],"66":[12],"67":[0],"68":[12],"69":[3],"70":[18],"71":[20],"72":[16],"73":[9],"74":[11],"75":[10],"76":[0],"77":[0],"78":[0]},"fnMap":{"0":{"name":"visitJsxElement","decl":{"start":{"line":71,"column":7},"end":{"line":175,"column":1}},"loc":{"start":{"line":71,"column":7},"end":{"line":175,"column":1}},"line":71},"1":{"name":"findAttribute","decl":{"start":{"line":177,"column":0},"end":{"line":187,"column":1}},"loc":{"start":{"line":177,"column":0},"end":{"line":187,"column":1}},"line":177},"2":{"name":"readOpticalCenterValue","decl":{"start":{"line":191,"column":0},"end":{"line":203,"column":1}},"loc":{"start":{"line":191,"column":0},"end":{"line":203,"column":1}},"line":191},"3":{"name":"validateStatic","decl":{"start":{"line":205,"column":0},"end":{"line":235,"column":1}},"loc":{"start":{"line":205,"column":0},"end":{"line":235,"column":1}},"line":205},"4":{"name":"upsertAttribute","decl":{"start":{"line":237,"column":0},"end":{"line":249,"column":1}},"loc":{"start":{"line":237,"column":0},"end":{"line":249,"column":1}},"line":237},"5":{"name":"emitWarning","decl":{"start":{"line":251,"column":0},"end":{"line":264,"column":1}},"loc":{"start":{"line":251,"column":0},"end":{"line":264,"column":1}},"line":251}},"f":{"0":36,"1":39,"2":17,"3":27,"4":20,"5":10}}
,"/Users/ismailyagci/Desktop/personal/optical-center-main/src/cache/algorithm-fingerprint.ts": {"path":"/Users/ismailyagci/Desktop/personal/optical-center-main/src/cache/algorithm-fingerprint.ts","all":false,"statementMap":{"19":{"start":{"line":20,"column":0},"end":{"line":20,"column":41}},"20":{"start":{"line":21,"column":0},"end":{"line":21,"column":39}},"21":{"start":{"line":22,"column":0},"end":{"line":22,"column":42}},"22":{"start":{"line":23,"column":0},"end":{"line":23,"column":41}},"24":{"start":{"line":25,"column":0},"end":{"line":25,"column":55}},"26":{"start":{"line":27,"column":0},"end":{"line":27,"column":53}},"31":{"start":{"line":32,"column":0},"end":{"line":32,"column":44}},"32":{"start":{"line":33,"column":0},"end":{"line":33,"column":19}},"33":{"start":{"line":34,"column":0},"end":{"line":34,"column":43}},"34":{"start":{"line":35,"column":0},"end":{"line":35,"column":51}},"35":{"start":{"line":36,"column":0},"end":{"line":36,"column":47}},"36":{"start":{"line":37,"column":0},"end":{"line":37,"column":2}},"38":{"start":{"line":39,"column":0},"end":{"line":39,"column":21}},"39":{"start":{"line":40,"column":0},"end":{"line":40,"column":16}},"40":{"start":{"line":41,"column":0},"end":{"line":41,"column":22}},"41":{"start":{"line":42,"column":0},"end":{"line":42,"column":19}},"42":{"start":{"line":43,"column":0},"end":{"line":43,"column":19}},"43":{"start":{"line":44,"column":0},"end":{"line":44,"column":18}},"44":{"start":{"line":45,"column":0},"end":{"line":45,"column":21}},"45":{"start":{"line":46,"column":0},"end":{"line":46,"column":16}},"46":{"start":{"line":47,"column":0},"end":{"line":47,"column":2}},"48":{"start":{"line":49,"column":0},"end":{"line":49,"column":31}},"50":{"start":{"line":51,"column":0},"end":{"line":51,"column":55}},"51":{"start":{"line":52,"column":0},"end":{"line":52,"column":42}},"52":{"start":{"line":53,"column":0},"end":{"line":53,"column":36}},"53":{"start":{"line":54,"column":0},"end":{"line":54,"column":33}},"55":{"start":{"line":56,"column":0},"end":{"line":56,"column":17}},"56":{"start":{"line":57,"column":0},"end":{"line":57,"column":56}},"57":{"start":{"line":58,"column":0},"end":{"line":58,"column":17}},"58":{"start":{"line":59,"column":0},"end":{"line":59,"column":4}},"60":{"start":{"line":61,"column":0},"end":{"line":61,"column":29}},"61":{"start":{"line":62,"column":0},"end":{"line":62,"column":9}},"62":{"start":{"line":63,"column":0},"end":{"line":63,"column":24}},"63":{"start":{"line":64,"column":0},"end":{"line":64,"column":24}},"64":{"start":{"line":65,"column":0},"end":{"line":65,"column":38}},"65":{"start":{"line":66,"column":0},"end":{"line":66,"column":13}},"68":{"start":{"line":69,"column":0},"end":{"line":69,"column":5}},"69":{"start":{"line":70,"column":0},"end":{"line":70,"column":3}},"71":{"start":{"line":72,"column":0},"end":{"line":72,"column":43}},"72":{"start":{"line":73,"column":0},"end":{"line":73,"column":16}},"73":{"start":{"line":74,"column":0},"end":{"line":74,"column":1}},"80":{"start":{"line":81,"column":0},"end":{"line":81,"column":45}},"81":{"start":{"line":82,"column":0},"end":{"line":82,"column":65}},"82":{"start":{"line":83,"column":0},"end":{"line":83,"column":1}}},"s":{"19":1,"20":1,"21":1,"22":1,"24":1,"26":1,"31":1,"32":1,"33":1,"34":1,"35":1,"36":1,"38":1,"39":1,"40":1,"41":1,"42":1,"43":1,"44":1,"45":1,"46":1,"48":1,"50":1,"51":36,"52":6,"53":6,"55":6,"56":6,"57":6,"58":6,"60":36,"61":60,"62":60,"63":60,"64":60,"65":60,"68":60,"69":60,"71":6,"72":6,"73":6,"80":1,"81":33,"82":33},"branchMap":{"0":{"type":"branch","line":51,"loc":{"start":{"line":51,"column":7},"end":{"line":74,"column":1}},"locations":[{"start":{"line":51,"column":7},"end":{"line":74,"column":1}}]},"1":{"type":"branch","line":52,"loc":{"start":{"line":52,"column":28},"end":{"line":61,"column":28}},"locations":[{"start":{"line":52,"column":28},"end":{"line":61,"column":28}}]},"2":{"type":"branch","line":52,"loc":{"start":{"line":52,"column":28},"end":{"line":52,"column":42}},"locations":[{"start":{"line":52,"column":28},"end":{"line":52,"column":42}}]},"3":{"type":"branch","line":52,"loc":{"start":{"line":52,"column":35},"end":{"line":61,"column":28}},"locations":[{"start":{"line":52,"column":35},"end":{"line":61,"column":28}}]},"4":{"type":"branch","line":61,"loc":{"start":{"line":61,"column":28},"end":{"line":70,"column":3}},"locations":[{"start":{"line":61,"column":28},"end":{"line":70,"column":3}}]},"5":{"type":"branch","line":70,"loc":{"start":{"line":70,"column":2},"end":{"line":74,"column":1}},"locations":[{"start":{"line":70,"column":2},"end":{"line":74,"column":1}}]},"6":{"type":"branch","line":57,"loc":{"start":{"line":57,"column":23},"end":{"line":57,"column":54}},"locations":[{"start":{"line":57,"column":23},"end":{"line":57,"column":54}}]},"7":{"type":"branch","line":81,"loc":{"start":{"line":81,"column":7},"end":{"line":83,"column":1}},"locations":[{"start":{"line":81,"column":7},"end":{"line":83,"column":1}}]}},"b":{"0":[36],"1":[34],"2":[30],"3":[6],"4":[60],"5":[6],"6":[42],"7":[33]},"fnMap":{"0":{"name":"computeAlgorithmFingerprint","decl":{"start":{"line":51,"column":7},"end":{"line":74,"column":1}},"loc":{"start":{"line":51,"column":7},"end":{"line":74,"column":1}},"line":51},"1":{"name":"algorithmCacheKey","decl":{"start":{"line":81,"column":7},"end":{"line":83,"column":1}},"loc":{"start":{"line":81,"column":7},"end":{"line":83,"column":1}},"line":81}},"f":{"0":36,"1":33}}
,"/Users/ismailyagci/Desktop/personal/optical-center-main/src/cache/index.ts": {"path":"/Users/ismailyagci/Desktop/personal/optical-center-main/src/cache/index.ts","all":false,"statementMap":{"8":{"start":{"line":9,"column":0},"end":{"line":9,"column":8}},"19":{"start":{"line":20,"column":0},"end":{"line":20,"column":8}}},"s":{"8":1,"19":1},"branchMap":{},"b":{},"fnMap":{},"f":{}}
,"/Users/ismailyagci/Desktop/personal/optical-center-main/src/cache/transform-cache.ts": {"path":"/Users/ismailyagci/Desktop/personal/optical-center-main/src/cache/transform-cache.ts","all":false,"statementMap":{"18":{"start":{"line":19,"column":0},"end":{"line":19,"column":41}},"19":{"start":{"line":20,"column":0},"end":{"line":20,"column":51}},"20":{"start":{"line":21,"column":0},"end":{"line":21,"column":42}},"21":{"start":{"line":22,"column":0},"end":{"line":22,"column":48}},"23":{"start":{"line":24,"column":0},"end":{"line":24,"column":55}},"25":{"start":{"line":26,"column":0},"end":{"line":26,"column":63}},"48":{"start":{"line":49,"column":0},"end":{"line":49,"column":33}},"61":{"start":{"line":62,"column":0},"end":{"line":62,"column":54}},"62":{"start":{"line":63,"column":0},"end":{"line":63,"column":29}},"63":{"start":{"line":64,"column":0},"end":{"line":64,"column":16}},"64":{"start":{"line":65,"column":0},"end":{"line":65,"column":32}},"65":{"start":{"line":66,"column":0},"end":{"line":66,"column":19}},"66":{"start":{"line":67,"column":0},"end":{"line":67,"column":1}},"68":{"start":{"line":69,"column":0},"end":{"line":69,"column":32}},"69":{"start":{"line":70,"column":0},"end":{"line":70,"column":31}},"70":{"start":{"line":71,"column":0},"end":{"line":71,"column":50}},"71":{"start":{"line":72,"column":0},"end":{"line":72,"column":38}},"72":{"start":{"line":73,"column":0},"end":{"line":73,"column":32}},"73":{"start":{"line":74,"column":0},"end":{"line":74,"column":14}},"74":{"start":{"line":75,"column":0},"end":{"line":75,"column":14}},"75":{"start":{"line":76,"column":0},"end":{"line":76,"column":14}},"76":{"start":{"line":77,"column":0},"end":{"line":77,"column":14}},"77":{"start":{"line":78,"column":0},"end":{"line":78,"column":21}},"78":{"start":{"line":79,"column":0},"end":{"line":79,"column":4}},"80":{"start":{"line":81,"column":0},"end":{"line":81,"column":39}},"81":{"start":{"line":82,"column":0},"end":{"line":82,"column":20}},"82":{"start":{"line":83,"column":0},"end":{"line":83,"column":40}},"83":{"start":{"line":84,"column":0},"end":{"line":84,"column":24}},"84":{"start":{"line":85,"column":0},"end":{"line":85,"column":6}},"85":{"start":{"line":86,"column":0},"end":{"line":86,"column":65}},"86":{"start":{"line":87,"column":0},"end":{"line":87,"column":3}},"89":{"start":{"line":90,"column":0},"end":{"line":90,"column":69}},"90":{"start":{"line":91,"column":0},"end":{"line":91,"column":37}},"92":{"start":{"line":93,"column":0},"end":{"line":93,"column":38}},"93":{"start":{"line":94,"column":0},"end":{"line":94,"column":33}},"95":{"start":{"line":96,"column":0},"end":{"line":96,"column":26}},"96":{"start":{"line":97,"column":0},"end":{"line":97,"column":33}},"97":{"start":{"line":98,"column":0},"end":{"line":98,"column":26}},"98":{"start":{"line":99,"column":0},"end":{"line":99,"column":38}},"99":{"start":{"line":100,"column":0},"end":{"line":100,"column":5}},"101":{"start":{"line":102,"column":0},"end":{"line":102,"column":9}},"102":{"start":{"line":103,"column":0},"end":{"line":103,"column":62}},"103":{"start":{"line":104,"column":0},"end":{"line":104,"column":53}},"104":{"start":{"line":105,"column":0},"end":{"line":105,"column":78}},"105":{"start":{"line":106,"column":0},"end":{"line":106,"column":28}},"106":{"start":{"line":107,"column":0},"end":{"line":107,"column":36}},"107":{"start":{"line":108,"column":0},"end":{"line":108,"column":7}},"108":{"start":{"line":109,"column":0},"end":{"line":109,"column":39}},"109":{"start":{"line":110,"column":0},"end":{"line":110,"column":26}},"110":{"start":{"line":111,"column":0},"end":{"line":111,"column":41}},"111":{"start":{"line":112,"column":0},"end":{"line":112,"column":13}},"112":{"start":{"line":113,"column":0},"end":{"line":113,"column":26}},"113":{"start":{"line":114,"column":0},"end":{"line":114,"column":34}},"114":{"start":{"line":115,"column":0},"end":{"line":115,"column":5}},"115":{"start":{"line":116,"column":0},"end":{"line":116,"column":3}},"118":{"start":{"line":119,"column":0},"end":{"line":119,"column":80}},"119":{"start":{"line":120,"column":0},"end":{"line":120,"column":37}},"120":{"start":{"line":121,"column":0},"end":{"line":121,"column":31}},"122":{"start":{"line":123,"column":0},"end":{"line":123,"column":34}},"123":{"start":{"line":124,"column":0},"end":{"line":124,"column":11}},"124":{"start":{"line":125,"column":0},"end":{"line":125,"column":10}},"125":{"start":{"line":126,"column":0},"end":{"line":126,"column":42}},"126":{"start":{"line":127,"column":0},"e
[...]
0},"end":{"line":176,"column":25}},"176":{"start":{"line":177,"column":0},"end":{"line":177,"column":20}},"177":{"start":{"line":178,"column":0},"end":{"line":178,"column":21}},"178":{"start":{"line":179,"column":0},"end":{"line":179,"column":39}},"179":{"start":{"line":180,"column":0},"end":{"line":180,"column":40}},"180":{"start":{"line":181,"column":0},"end":{"line":181,"column":46}},"181":{"start":{"line":182,"column":0},"end":{"line":182,"column":19}},"182":{"start":{"line":183,"column":0},"end":{"line":183,"column":18}},"183":{"start":{"line":184,"column":0},"end":{"line":184,"column":11}},"184":{"start":{"line":185,"column":0},"end":{"line":185,"column":8}},"185":{"start":{"line":186,"column":0},"end":{"line":186,"column":6}},"187":{"start":{"line":188,"column":0},"end":{"line":188,"column":38}},"189":{"start":{"line":190,"column":0},"end":{"line":190,"column":59}},"190":{"start":{"line":191,"column":0},"end":{"line":191,"column":86}},"191":{"start":{"line":192,"column":0},"end":{"line":192,"column":81}},"192":{"start":{"line":193,"column":0},"end":{"line":193,"column":47}},"193":{"start":{"line":194,"column":0},"end":{"line":194,"column":32}},"194":{"start":{"line":195,"column":0},"end":{"line":195,"column":42}},"195":{"start":{"line":196,"column":0},"end":{"line":196,"column":69}},"196":{"start":{"line":197,"column":0},"end":{"line":197,"column":34}},"197":{"start":{"line":198,"column":0},"end":{"line":198,"column":11}},"198":{"start":{"line":199,"column":0},"end":{"line":199,"column":8}},"199":{"start":{"line":200,"column":0},"end":{"line":200,"column":6}},"200":{"start":{"line":201,"column":0},"end":{"line":201,"column":4}},"201":{"start":{"line":202,"column":0},"end":{"line":202,"column":1}},"205":{"start":{"line":206,"column":0},"end":{"line":206,"column":72}},"206":{"start":{"line":207,"column":0},"end":{"line":207,"column":79}},"207":{"start":{"line":208,"column":0},"end":{"line":208,"column":1}}},"s":{"20":1,"21":1,"24":1,"25":1,"27":1,"28":1,"29":1,"33":1,"71":1,"72":1,"73":1,"75":10,"76":10,"77":10,"78":10,"79":10,"81":10,"82":10,"83":10,"84":10,"85":4,"86":4,"87":0,"88":4,"89":10,"90":10,"91":10,"92":10,"93":4,"94":4,"95":2,"96":4,"98":10,"99":10,"100":10,"102":10,"103":9,"104":9,"105":9,"106":9,"107":9,"109":10,"110":3,"111":3,"112":1,"113":1,"114":1,"115":1,"116":3,"117":0,"118":0,"119":3,"120":0,"121":0,"122":0,"125":1,"126":1,"127":1,"128":1,"129":1,"130":1,"131":1,"132":1,"133":1,"134":3,"135":0,"136":0,"137":1,"138":3,"139":0,"140":0,"141":0,"142":3,"144":10,"145":5,"146":5,"147":2,"148":5,"149":5,"150":5,"151":5,"152":5,"153":5,"154":5,"155":5,"156":5,"157":5,"158":5,"159":2,"160":0,"161":5,"162":5,"163":5,"164":5,"165":5,"166":5,"167":5,"168":5,"169":5,"175":10,"176":10,"177":10,"178":3,"179":3,"180":3,"181":3,"182":3,"183":3,"184":3,"185":10,"187":10,"189":0,"190":0,"191":0,"192":0,"193":0,"194":0,"195":0,"196":0,"197":0,"198":0,"199":0,"200":10,"201":10,"205":3,"206":3,"207":3},"branchMap":{"0":{"type":"branch","line":76,"loc":{"start":{"line":76,"column":0},"end":{"line":202,"column":1}},"locations":[{"start":{"line":76,"column":0},"end":{"line":202,"column":1}}]},"1":{"type":"branch","line":83,"loc":{"start":{"line":83,"column":28},"end":{"line":83,"column":56}},"locations":[{"start":{"line":83,"column":28},"end":{"line":83,"column":56}}]},"2":{"type":"branch","line":91,"loc":{"start":{"line":91,"column":27},"end":{"line":91,"column":43}},"locations":[{"start":{"line":91,"column":27},"end":{"line":91,"column":43}}]},"3":{"type":"branch","line":92,"loc":{"start":{"line":92,"column":27},"end":{"line":92,"column":43}},"locations":[{"start":{"line":92,"column":27},"end":{"line":92,"column":43}}]},"4":{"type":"branch","line":85,"loc":{"start":{"line":85,"column":19},"end":{"line":89,"column":4}},"locations":[{"start":{"line":85,"column":19},"end":{"line":89,"column":4}}]},"5":{"type":"branch","line":86,"loc":{"start":{"line":86,"column":34},"end":{"line":86,"column":45}},"locations":[{"start":{"line":86,"column":34},"end":{"line":86,"column":45}}]},"6":{"type":"branch","line":87,"loc":{"start":{"line":87,"column":55},"end":{"line":88,"column":44}},"locations":[{"start":{"line":87,"column":55},"end":{"line":88,"column":44}}]},"7":{"type":"branch","line":93,"loc":{"start":{"line":93,"column":21},"end":{"line":97,"column":4}},"locations":[{"start":{"line":93,"column":21},"end":{"line":97,"column":4}}]},"8":{"type":"branch","line":94,"loc":{"start":{"line":94,"column":8},"end":{"line":94,"column":65}},"locations":[{"start":{"line":94,"column":8},"end":{"line":94,"column":65}}]},"9":{"type":"branch","line":94,"loc":{"start":{"line":94,"column":65},"end":{"line":94,"column":78}},"locations":[{"start":{"line":94,"column":65},"end":{"line":94,"column":78}}]},"10":{"type":"branch","line":94,"loc":{"start":{"line":94,"column":72},"end":{"line":95,"column":26}},"locations":[{"start":{"line":94,"column":72},"end":{"line":95,"column":26}}]},"11":{"type":"branch","line":95,"loc":{"start":{"line":95,"column":19},"end":{"line":95,"column":31}},"locations":[{"start":{"line":95,"column":19},"end":{"line":95,"column":31}}]},"12":{"type":"branch","line":95,"loc":{"start":{"line":95,"column":26},"end":{"line":96,"column":55}},"locations":[{"start":{"line":95,"column":26},"end":{"line":96,"column":55}}]},"13":{"type":"branch","line":94,"loc":{"start":{"line":94,"column":34},"end":{"line":94,"column":62}},"locations":[{"start":{"line":94,"column":34},"end":{"line":94,"column":62}}]},"14":{"type":"branch","line":96,"loc":{"start":{"line":96,"column":25},"end":{"line":96,"column":53}},"locations":[{"start":{"line":96,"column":25},"end":{"line":96,"column":53}}]},"15":{"type":"branch","line":103,"loc":{"start":{"line":103,"column":4},"end":{"line":108,"column":6}},"locations":[{"start":{"line":103,"column":4},"end":{"line":108,"column":6}}]},"16":{"type":"branch","line":110,"loc":{"start":{"line":110,"column":4},"end":{"line":143,"column":6}},"locations":[{"start":{"line":110,"column":4},"end":{"line":143,"column":6}}]},"17":{"type":"branch","line":112,"loc":{"start":{"line":112,"column":18},"end":{"line":112,"column":30}},"locations":[{"start":{"line":112,"column":18},"end":{"line":112,"column":30}}]},"18":{"type":"branch","line":112,"loc":{"start":{"line":112,"column":25},"end":{"line":117,"column":14}},"locations":[{"start":{"line":112,"column":25},"end":{"line":117,"column":14}}]},"19":{"type":"branch","line":117,"loc":{"start":{"line":117,"column":6},"end":{"line":119,"column":7}},"locations":[{"start":{"line":117,"column":6},"end":{"line":119,"column":7}}]},"20":{"type":"branch","line":119,"loc":{"start":{"line":119,"column":6},"end":{"line":120,"column":38}},"locations":[{"start":{"line":119,"column":6},"end":{"line":120,"column":38}}]},"21":{"type":"branch","line":120,"loc":{"start":{"line":120,"column":38},"end":{"line":123,"column":7}},"locations":[{"start":{"line":120,"column":38},"end":{"line":123,"column":7}}]},"22":{"type":"branch","line":123,"loc":{"start":{"line":123,"column":6},"end":{"line":135,"column":33}},"locations":[{"start":{"line":123,"column":6},"end":{"line":135,"column":33}}]},"23":{"type":"branch","line":135,"loc":{"start":{"line":135,"column":33},"end":{"line":137,"column":9}},"locations":[{"start":{"line":135,"column":33},"end":{"line":137,"column":9}}]},"24":{"type":"branch","line":137,"loc":{"start":{"line":137,"column":8},"end":{"line":139,"column":14}},"locations":[{"start":{"line":137,"column":8},"end":{"line":139,"column":14}}]},"25":{"type":"branch","line":139,"loc":{"start":{"line":139,"column":6},"end":{"line":142,"column":7}},"locations":[{"start":{"line":139,"column":6},"end":{"line":142,"column":7}}]},"26":{"type":"branch","line":145,"loc":{"start":{"line":145,"column":4},"end":{"line":170,"column":6}},"locations":[{"start":{"line":145,"column":4},"end":{"line":170,"column":6}}]},"27":{"type":"branch","line":146,"loc":{"start":{"line":146,"column":30},"end":{"line":146,"column":42}},"locations":[{"start":{"line":146,"column":30},"end":{"line":146,"column":42}}]},"28":{"type":"branch","line":146,"loc":{"start":{"line":146,"column":37},"end":{"line":147,"column":34}},"locations":[{"start":{"line":146,"column":37},"end":{"line":147,"column":34}}]},"29":{"type":"branch","line":147,"loc":{"start":{"line":147,"column":27},"end":{"line":149,"column":46}},"locations":[{"start":{"line":147,"column":27},"end":{"line":149,"column":46}}]},"30":{"type":"branch","line":149,"loc":{"start":{"line":149,"column":32},"end":{"line":149,"column":59}},"locations":[{"start":{"line":149,"column":32},"end":{"line":149,"column":59}}]},"31":{"type":"branch","line":149,"loc":{"start":{"line":149,"column":46},"end":{"line":149,"column":69}},"locations":[{"start":{"line":149,"column":46},"end":{"line":149,"column":69}}]},"32":{"type":"branch","line":151,"loc":{"start":{"line":151,"column":22},"end":{"line":151,"column":52}},"locations":[{"start":{"line":151,"column":22},"end":{"line":151,"column":52}}]},"33":{"type":"branch","line":151,"loc":{"start":{"line":151,"column":36},"end":{"line":151,"column":74}},"locations":[{"start":{"line":151,"column":36},"end":{"line":151,"column":74}}]},"34":{"type":"branch","line":152,"loc":{"start":{"line":152,"column":19},"end":{"line":152,"column":45}},"locations":[{"start":{"line":152,"column":19},"end":{"line":152,"column":45}}]},"35":{"type":"branch","line":153,"loc":{"start":{"line":153,"column":23},"end":{"line":153,"column":54}},"locations":[{"start":{"line":153,"column":23},"end":{"line":153,"column":54}}]},"36":{"type":"branch","line":153,"loc":{"start":{"line":153,"column":37},"end":{"line":153,"column":68}},"locations":[{"start":{"line":153,"column":37},"end":{"line":153,"column":68}}]},"37":{"type":"branch","line":159,"loc":{"start":{"line":159,"column":37},"end":{"line":159,"column":62}},"locations":[{"start":{"line":159,"column":37},"end":{"line":159,"column":62}}]},"38":{"type":"branch","line":159,"loc":{"start":{"line":159,"column":61},"end":{"line":160,"column":35}},"locations":[{"start":{"line":159,"column":61},"end":{"line":160,"column":35}}]},"39":{"type":"branch","line":160,"loc":{"start":{"line":160,"column":34},"end":{"line":161,"column":22}},"locations":[{"start":{"line":160,"column":34},"end":{"line":161,"column":22}}]},"40":{"type":"branch","line":167,"loc":{"start":{"line":167,"column":7},"end":{"line":168,"column":25}},"locations":[{"start":{"line":167,"column":7},"end":{"line":168,"column":25}}]},"41":{"type":"branch","line":168,"loc":{"start":{"line":168,"column":25},"end":{"line":168,"column":37}},"locations":[{"start":{"line":168,"column":25},"end":{"line":168,"column":37}}]},"42":{"type":"branch","line":168,"loc":{"start":{"line":168,"column":32},"end":{"line":169,"column":53}},"locations":[{"start":{"line":168,"column":32},"end":{"line":169,"column":53}}]},"43":{"type":"branch","line":169,"loc":{"start":{"line":169,"column":46},"end":{"line":169,"column":58}},"locations":[{"start":{"line":169,"column":46},"end":{"line":169,"column":58}}]},"44":{"type":"branch","line":178,"loc":{"start":{"line":178,"column":6},"end":{"line":185,"column":8}},"locations":[{"start":{"line":178,"column":6},"end":{"line":185,"column":8}}]},"45":{"type":"branch","line":206,"loc":{"start":{"line":206,"column":0},"end":{"line":208,"column":1}},"locations":[{"start":{"line":206,"column":0},"end":{"line":208,"column":1}}]},"46":{"type":"branch","line":207,"loc":{"start":{"line":207,"column":28},"end":{"line":207,"column":62}},"locations":[{"start":{"line":207,"column":28},"end":{"line":207,"column":62}}]},"47":{"type":"branch","line":207,"loc":{"start":{"line":207,"column":58},"end":{"line":207,"column":79}},"locations":[{"start":{"line":207,"column":58},"end":{"line":207,"column":79}}]}},"b":{"0":[10],"1":[0],"2":[8],"3":[9],"4":[4],"5":[0],"6":[0],"7":[4],"8":[1],"9":[1],"10":[3],"11":[1],"12":[2],"13":[1],"14":[2],"15":[9],"16":[3],"17":[2],"18":[1],"19":[0],"20":[1],"21":[0],"22":[1],"23":[0],"24":[1],"25":[0],"26":[5],"27":[1],"28":[4],"29":[2],"30":[0],"31":[2],"32":[0],"33":[2],"34":[2],"35":[0],"36":[2],"37":[0],"38":[2],"39":[0],"40":[2],"41":[0],"42":[2],"43":[0],"44":[3],"45":[3],"46":[1],"47":[2]},"fnMap":{"0":{"name":"opticalCenterVite","decl":{"start":{"line":76,"column":0},"end":{"line":202,"column":1}},"loc":{"start":{"line":76,"column":0},"end":{"line":202,"column":1}},"line":76},"1":{"name":"sanitize","decl":{"start":{"line":85,"column":19},"end":{"line":89,"column":4}},"loc":{"start":{"line":85,"column":19},"end":{"line":89,"column":4}},"line":85},"2":{"name":"isIncluded","decl":{"start":{"line":93,"column":21},"end":{"line":97,"column":4}},"loc":{"start":{"line":93,"column":21},"end":{"line":97,"column":4}},"line":93},"3":{"name":"configResolved","decl":{"start":{"line":103,"column":4},"end":{"line":108,"column":6}},"loc":{"start":{"line":103,"column":4},"end":{"line":108,"column":6}},"line":103},"4":{"name":"load","decl":{"start":{"line":110,"column":4},"end":{"line":143,"column":6}},"loc":{"start":{"line":110,"column":4},"end":{"line":143,"column":6}},"line":110},"5":{"name":"transform","decl":{"start":{"line":145,"column":4},"end":{"line":170,"column":6}},"loc":{"start":{"line":145,"column":4},"end":{"line":170,"column":6}},"line":145},"6":{"name":"handler","decl":{"start":{"line":178,"column":6},"end":{"line":185,"column":8}},"loc":{"start":{"line":178,"column":6},"end":{"line":185,"column":8}},"line":178},"7":{"name":"handleHotUpdate","decl":{"start":{"line":188,"column":4},"end":{"line":200,"column":6}},"loc":{"start":{"line":188,"column":4},"end":{"line":200,"column":6}},"line":188},"8":{"name":"matchesPattern","decl":{"start":{"line":206,"column":0},"end":{"line":208,"column":1}},"loc":{"start":{"line":206,"column":0},"end":{"line":208,"column":1}},"line":206}},"f":{"0":10,"1":4,"2":4,"3":9,"4":3,"5":5,"6":3,"7":0,"8":3}}
,"/Users/ismailyagci/Desktop/personal/optical-center-main/src/vite/transform-html-svg.ts": {"path":"/Users/ismailyagci/Desktop/personal/optical-center-main/src/vite/transform-html-svg.ts","all":false,"statementMap":{"15":{"start":{"line":16,"column":0},"end":{"line":16,"column":62}},"16":{"start":{"line":17,"column":0},"end":{"line":17,"column":80}},"30":{"start":{"line":31,"column":0},"end":{"line":31,"column":73}},"31":{"start":{"line":32,"column":0},"end":{"line":32,"column":82}},"33":{"start":{"line":34,"column":0},"end":{"line":34,"column":34}},"34":{"start":{"line":35,"column":0},"end":{"line":35,"column":15}},"35":{"start":{"line":36,"column":0},"end":{"line":36,"column":32}},"36":{"start":{"line":37,"column":0},"end":{"line":37,"column":11}},"37":{"start":{"line":38,"column":0},"end":{"line":38,"column":50}},"38":{"start":{"line":39,"column":0},"end":{"line":39,"column":43}},"39":{"start":{"line":40,"column":0},"end":{"line":40,"column":75}},"40":{"start":{"line":41,"column":0},"end":{"line":41,"column":48}},"41":{"start":{"line":42,"column":0},"end":{"line":42,"column":32}},"42":{"start":{"line":43,"column":0},"end":{"line":43,"column":60}},"43":{"start":{"line":44,"column":0},"end":{"line":44,"column":75}},"44":{"start":{"line":45,"column":0},"end":{"line":45,"column":5}},"48":{"start":{"line":49,"column":0},"end":{"line":49,"column":56}},"50":{"start":{"line":51,"column":0},"end":{"line":51,"column":39}},"51":{"start":{"line":52,"column":0},"end":{"line":52,"column":9}},"52":{"start":{"line":53,"column":0},"end":{"line":53,"column":50}},"53":{"start":{"line":54,"column":0},"end":{"line":54,"column":43}},"54":{"start":{"line":55,"column":0},"end":{"line":55,"column":9}},"55":{"start":{"line":56,"column":0},"end":{"line":56,"column":13}},"56":{"start":{"line":57,"column":0},"end":{"line":57,"column":64}},"57":{"start":{"line":58,"column":0},"end":{"line":58,"column":27}},"58":{"start":{"line":59,"column":0},"end":{"line":59,"column":5}},"60":{"start":{"line":61,"column":0},"end":{"line":61,"column":48}},"61":{"start":{"line":62,"column":0},"end":{"line":62,"column":30}},"62":{"start":{"line":63,"column":0},"end":{"line":63,"column":36}},"63":{"start":{"line":64,"column":0},"end":{"line":64,"column":7}},"64":{"start":{"line":65,"column":0},"end":{"line":65,"column":30}},"65":{"start":{"line":66,"column":0},"end":{"line":66,"column":61}},"66":{"start":{"line":67,"column":0},"end":{"line":67,"column":5}},"67":{"start":{"line":68,"column":0},"end":{"line":68,"column":16}},"68":{"start":{"line":69,"column":0},"end":{"line":69,"column":5}},"69":{"start":{"line":70,"column":0},"end":{"line":70,"column":1}}},"s":{"15":1,"16":1,"30":1,"31":1,"33":1,"34":6,"35":6,"36":6,"37":6,"38":6,"39":5,"40":5,"41":1,"42":1,"43":1,"44":1,"48":4,"50":4,"51":4,"52":4,"53":4,"54":4,"55":5,"56":0,"57":0,"58":0,"60":4,"61":4,"62":4,"63":4,"64":5,"65":0,"66":0,"67":4,"68":6,"69":6},"branchMap":{"0":{"type":"branch","line":34,"loc":{"start":{"line":34,"column":7},"end":{"line":70,"column":1}},"locations":[{"start":{"line":34,"column":7},"end":{"line":70,"column":1}}]},"1":{"type":"branch","line":38,"loc":{"start":{"line":38,"column":27},"end":{"line":38,"column":50}},"locations":[{"start":{"line":38,"column":27},"end":{"line":38,"column":50}}]},"2":{"type":"branch","line":38,"loc":{"start":{"line":38,"column":40},"end":{"line":38,"column":50}},"locations":[{"start":{"line":38,"column":40},"end":{"line":38,"column":50}}]},"3":{"type":"branch","line":39,"loc":{"start":{"line":39,"column":33},"end":{"line":69,"column":3}},"locations":[{"start":{"line":39,"column":33},"end":{"line":69,"column":3}}]},"4":{"type":"branch","line":41,"loc":{"start":{"line":41,"column":8},"end":{"line":41,"column":47}},"locations":[{"start":{"line":41,"column":8},"end":{"line":41,"column":47}}]},"5":{"type":"branch","line":41,"loc":{"start":{"line":41,"column":47},"end":{"line":45,"column":5}},"locations":[{"start":{"line":41,"column":47},"end":{"line":45,"column":5}}]},"6":{"type":"branch","line":43,"loc":{"start":{"line":43,"column":20},"end":{"line":43,"column":49}},"locations":[{"start":{"line":43,"column":20},"end":{"line":43,"column":49}}]},"7":{"type":"branch","line":43,"loc":{"start":{"line":43,"column":56},"end":{"line":44,"column":46}},"locations":[{"start":{"line":43,"column":56},"end":{"line":44,"column":46}}]},"8":{"type":"branch","line":44,"loc":{"start":{"line":44,"column":36},"end":{"line":44,"column":64}},"locations":[{"start":{"line":44,"column":36},"end":{"line":44,"column":64}}]},"9":{"type":"branch","line":44,"loc":{"start":{"line":44,"column":64},"end":{"line":44,"column":75}},"locations":[{"start":{"line":44,"column":64},"end":{"line":44,"column":75}}]},"10":{"type":"branch","line":45,"loc":{"start":{"line":45,"column":4},"end":{"line":56,"column":12}},"locations":[{"start":{"line":45,"column":4},"end":{"line":56,"column":12}}]},"11":{"type":"branch","line":56,"loc":{"start":{"line":56,"column":4},"end":{"line":59,"column":5}},"locations":[{"start":{"line":56,"column":4},"end":{"line":59,"column":5}}]},"12":{"type":"branch","line":59,"loc":{"start":{"line":59,"column":4},"end":{"line":65,"column":29}},"locations":[{"start":{"line":59,"column":4},"end":{"line":65,"column":29}}]},"13":{"type":"branch","line":65,"loc":{"start":{"line":65,"column":29},"end":{"line":67,"column":5}},"locations":[{"start":{"line":65,"column":29},"end":{"line":67,"column":5}}]},"14":{"type":"branch","line":67,"loc":{"start":{"line":67,"column":4},"end":{"line":68,"column":16}},"locations":[{"start":{"line":67,"column":4},"end":{"line":68,"column":16}}]}},"b":{"0":[6],"1":[3],"2":[1],"3":[5],"4":[1],"5":[1],"6":[0],"7":[0],"8":[0],"9":[0],"10":[4],"11":[0],"12":[4],"13":[0],"14":[4]},"fnMap":{"0":{"name":"transformHtmlSvgs","decl":{"start":{"line":34,"column":7},"end":{"line":70,"column":1}},"loc":{"start":{"line":34,"column":7},"end":{"line":70,"column":1}},"line":34},"1":{"name":"sanitize","decl":{"start":{"line":38,"column":40},"end":{"line":38,"column":50}},"loc":{"start":{"line":38,"column":40},"end":{"line":38,"column":50}},"line":38}},"f":{"0":6,"1":1}}
}
